2025-03-03 17:38:00,568 ERROR scheduler Skipped queueing frappe.model.utils.link_count.update_link_count because it was found in queue for 1glam.local
2025-03-03 17:38:00,691 ERROR scheduler Skipped queueing frappe.integrations.doctype.google_calendar.google_calendar.sync because it was found in queue for 1glam.local
2025-03-03 17:38:00,739 ERROR scheduler Skipped queueing frappe.deferred_insert.save_to_db because it was found in queue for 1glam.local
2025-03-03 17:38:00,746 ERROR scheduler Skipped queueing frappe.model.utils.user_settings.sync_user_settings because it was found in queue for 1glam.local
2025-03-03 17:38:00,749 ERROR scheduler Skipped queueing erpnext.erpnext_integrations.doctype.plaid_settings.plaid_settings.automatic_synchronization because it was found in queue for 1glam.local
2025-03-03 17:38:00,754 ERROR scheduler Skipped queueing erpnext.manufacturing.doctype.bom_update_log.bom_update_log.resume_bom_cost_update_jobs because it was found in queue for 1glam.local
2025-03-03 17:38:00,759 ERROR scheduler Skipped queueing frappe.core.doctype.prepared_report.prepared_report.expire_stalled_report because it was found in queue for 1glam.local
2025-03-03 17:38:00,768 ERROR scheduler Skipped queueing frappe.website.doctype.personal_data_deletion_request.personal_data_deletion_request.process_data_deletion_request because it was found in queue for 1glam.local
2025-03-03 17:38:00,774 ERROR scheduler Skipped queueing erpnext.utilities.doctype.video.video.update_youtube_data because it was found in queue for 1glam.local
2025-03-03 17:38:00,780 ERROR scheduler Skipped queueing erpnext.utilities.bulk_transaction.retry because it was found in queue for 1glam.local
2025-03-03 17:38:00,791 ERROR scheduler Skipped queueing frappe.website.doctype.web_page.web_page.check_publish_status because it was found in queue for 1glam.local
2025-03-03 17:38:00,795 ERROR scheduler Skipped queueing frappe.automation.doctype.reminder.reminder.send_reminders because it was found in queue for 1glam.local
2025-03-03 17:38:00,800 ERROR scheduler Skipped queueing erpnext.projects.doctype.project.project.collect_project_status because it was found in queue for 1glam.local
2025-03-03 17:38:00,803 ERROR scheduler Skipped queueing frappe.email.doctype.newsletter.newsletter.send_scheduled_email because it was found in queue for 1glam.local
2025-03-03 17:38:00,805 ERROR scheduler Skipped queueing erpnext.stock.doctype.repost_item_valuation.repost_item_valuation.repost_entries because it was found in queue for 1glam.local
2025-03-03 17:38:00,810 ERROR scheduler Skipped queueing frappe.email.queue.flush because it was found in queue for 1glam.local
2025-03-03 17:38:00,814 ERROR scheduler Skipped queueing frappe.desk.form.document_follow.send_hourly_updates because it was found in queue for 1glam.local
2025-03-03 17:38:00,820 ERROR scheduler Skipped queueing frappe.oauth.delete_oauth2_data because it was found in queue for 1glam.local
2025-03-03 17:38:00,831 ERROR scheduler Skipped queueing frappe.desk.page.backups.backups.delete_downloadable_backups because it was found in queue for 1glam.local
2025-03-03 17:38:00,837 ERROR scheduler Skipped queueing erpnext.projects.doctype.project.project.project_status_update_reminder because it was found in queue for 1glam.local
2025-03-03 17:38:00,848 ERROR scheduler Skipped queueing frappe.email.doctype.notification.notification.trigger_offset_alerts because it was found in queue for 1glam.local
