2025-02-28 12:23:39,260 WARNING database DDL Query made to DB:
create table `tabLocation` (
			name varchar(140) primary key,
			creation datetime(6),
			modified datetime(6),
			modified_by varchar(140),
			owner varchar(140),
			docstatus tinyint not null default '0',
			idx int not null default '0',
			`location_name` varchar(140) UNIQUE,
`parent_location` varchar(140),
`is_container` tinyint NOT NULL DEFAULT 0,
`is_group` tinyint NOT NULL DEFAULT 0,
`latitude` decimal(21,9) NOT NULL DEFAULT 0.0,
`longitude` decimal(21,9) NOT NULL DEFAULT 0.0,
`area` decimal(21,9) NOT NULL DEFAULT 0.0,
`area_uom` varchar(140),
`location` longtext,
`lft` int NOT NULL DEFAULT 0,
`rgt` int NOT NULL DEFAULT 0,
`old_parent` varchar(140),
`_user_tags` text,
`_comments` text,
`_assign` text,
`_liked_by` text,
index `parent_location`(`parent_location`),
index creation(creation))
			ENGINE=InnoDB
			ROW_FORMAT=DYNAMIC
			CHARACTER SET=utf8mb4
			COLLATE=utf8mb4_unicode_ci
2025-02-28 12:23:39,382 WARNING database DDL Query made to DB:
ALTER TABLE `tabLocation`
				ADD INDEX IF NOT EXISTS `lft_rgt_index`(lft, rgt)
2025-02-28 12:23:39,514 WARNING database DDL Query made to DB:
create table `tabAsset Activity` (
			name varchar(140) primary key,
			creation datetime(6),
			modified datetime(6),
			modified_by varchar(140),
			owner varchar(140),
			docstatus tinyint not null default '0',
			idx int not null default '0',
			`asset` varchar(140),
`date` datetime(6),
`user` varchar(140),
`subject` text,
`_user_tags` text,
`_comments` text,
`_assign` text,
`_liked_by` text,
index creation(creation))
			ENGINE=InnoDB
			ROW_FORMAT=DYNAMIC
			CHARACTER SET=utf8mb4
			COLLATE=utf8mb4_unicode_ci
2025-02-28 12:23:39,684 WARNING database DDL Query made to DB:
create table `tabDepreciation Schedule` (
			name varchar(140) primary key,
			creation datetime(6),
			modified datetime(6),
			modified_by varchar(140),
			owner varchar(140),
			docstatus tinyint not null default '0',
			idx int not null default '0',
			`schedule_date` date,
`depreciation_amount` decimal(21,9) NOT NULL DEFAULT 0.0,
`accumulated_depreciation_amount` decimal(21,9) NOT NULL DEFAULT 0.0,
`journal_entry` varchar(140),
`shift` varchar(140),
parent varchar(140),
parentfield varchar(140),
parenttype varchar(140),
index parent(parent))
			ENGINE=InnoDB
			ROW_FORMAT=DYNAMIC
			CHARACTER SET=utf8mb4
			COLLATE=utf8mb4_unicode_ci
2025-02-28 12:23:39,814 WARNING database DDL Query made to DB:
create table `tabAsset Maintenance Task` (
			name varchar(140) primary key,
			creation datetime(6),
			modified datetime(6),
			modified_by varchar(140),
			owner varchar(140),
			docstatus tinyint not null default '0',
			idx int not null default '0',
			`maintenance_task` varchar(140),
`maintenance_type` varchar(140),
`maintenance_status` varchar(140),
`start_date` date,
`periodicity` varchar(140),
`end_date` date,
`certificate_required` tinyint NOT NULL DEFAULT 0,
`assign_to` varchar(140),
`assign_to_name` varchar(140),
`next_due_date` date,
`last_completion_date` date,
`description` longtext,
index `certificate_required`(`certificate_required`),
parent varchar(140),
parentfield varchar(140),
parenttype varchar(140),
index parent(parent))
			ENGINE=InnoDB
			ROW_FORMAT=DYNAMIC
			CHARACTER SET=utf8mb4
			COLLATE=utf8mb4_unicode_ci
2025-02-28 12:23:39,968 WARNING database DDL Query made to DB:
create table `tabAsset Shift Factor` (
			name varchar(140) primary key,
			creation datetime(6),
			modified datetime(6),
			modified_by varchar(140),
			owner varchar(140),
			docstatus tinyint not null default '0',
			idx int not null default '0',
			`shift_name` varchar(140) UNIQUE,
`shift_factor` decimal(21,9) NOT NULL DEFAULT 0.0,
`default` tinyint NOT NULL DEFAULT 0,
`_user_tags` text,
`_comments` text,
`_assign` text,
`_liked_by` text,
index creation(creation))
			ENGINE=InnoDB
			ROW_FORMAT=DYNAMIC
			CHARACTER SET=utf8mb4
			COLLATE=utf8mb4_unicode_ci
2025-02-28 12:23:40,157 WARNING database DDL Query made to DB:
create table `tabAsset Movement Item` (
			name varchar(140) primary key,
			creation datetime(6),
			modified datetime(6),
			modified_by varchar(140),
			owner varchar(140),
			docstatus tinyint not null default '0',
			idx int not null default '0',
			`company` varchar(140),
`asset` varchar(140),
`source_location` varchar(140),
`from_employee` varchar(140),
`asset_name` varchar(140),
`target_location` varchar(140),
`to_employee` varchar(140),
parent varchar(140),
parentfield varchar(140),
parenttype varchar(140),
index parent(parent))
			ENGINE=InnoDB
			ROW_FORMAT=DYNAMIC
			CHARACTER SET=utf8mb4
			COLLATE=utf8mb4_unicode_ci
2025-02-28 12:23:40,303 WARNING database DDL Query made to DB:
create table `tabAsset Maintenance Team` (
			name varchar(140) primary key,
			creation datetime(6),
			modified datetime(6),
			modified_by varchar(140),
			owner varchar(140),
			docstatus tinyint not null default '0',
			idx int not null default '0',
			`maintenance_team_name` varchar(140) UNIQUE,
`maintenance_manager` varchar(140),
`maintenance_manager_name` varchar(140),
`company` varchar(140),
`_user_tags` text,
`_comments` text,
`_assign` text,
`_liked_by` text,
index creation(creation))
			ENGINE=InnoDB
			ROW_FORMAT=DYNAMIC
			CHARACTER SET=utf8mb4
			COLLATE=utf8mb4_unicode_ci
2025-02-28 12:23:40,432 WARNING database DDL Query made to DB:
create table `tabMaintenance Team Member` (
			name varchar(140) primary key,
			creation datetime(6),
			modified datetime(6),
			modified_by varchar(140),
			owner varchar(140),
			docstatus tinyint not null default '0',
			idx int not null default '0',
			`team_member` varchar(140) UNIQUE,
`full_name` varchar(140),
`maintenance_role` varchar(140),
parent varchar(140),
parentfield varchar(140),
parenttype varchar(140),
index parent(parent))
			ENGINE=InnoDB
			ROW_FORMAT=DYNAMIC
			CHARACTER SET=utf8mb4
			COLLATE=utf8mb4_unicode_ci
2025-02-28 12:23:40,629 WARNING database DDL Query made to DB:
create table `tabAsset Maintenance Log` (
			name varchar(140) primary key,
			creation datetime(6),
			modified datetime(6),
			modified_by varchar(140),
			owner varchar(140),
			docstatus tinyint not null default '0',
			idx int not null default '0',
			`asset_maintenance` varchar(140),
`naming_series` varchar(140),
`asset_name` varchar(140),
`item_code` varchar(140),
`item_name` varchar(140),
`task` varchar(140),
`task_name` varchar(140),
`maintenance_type` varchar(140),
`periodicity` varchar(140),
`has_certificate` tinyint NOT NULL DEFAULT 0,
`certificate_attachement` text,
`maintenance_status` varchar(140),
`assign_to_name` varchar(140),
`task_assignee_email` varchar(140),
`due_date` date,
`completion_date` date,
`description` varchar(140),
`actions_performed` longtext,
`amended_from` varchar(140),
`_user_tags` text,
`_comments` text,
`_assign` text,
`_liked_by` text,
`_seen` text,
index creation(creation))
			ENGINE=InnoDB
			ROW_FORMAT=DYNAMIC
			CHARACTER SET=utf8mb4
			COLLATE=utf8mb4_unicode_ci
2025-02-28 12:23:40,748 WARNING database DDL Query made to DB:
create table `tabAsset Repair Consumed Item` (
			name varchar(140) primary key,
			creation datetime(6),
			modified datetime(6),
			modified_by varchar(140),
			owner varchar(140),
			docstatus tinyint not null default '0',
			idx int not null default '0',
			`item_code` varchar(140),
`warehouse` varchar(140),
`valuation_rate` decimal(21,9) NOT NULL DEFAULT 0.0,
`consumed_quantity` varchar(140),
`total_value` decimal(21,9) NOT NULL DEFAULT 0.0,
`serial_no` text,
`serial_and_batch_bundle` varchar(140),
parent varchar(140),
parentfield varchar(140),
parenttype varchar(140),
index parent(parent))
			ENGINE=InnoDB
			ROW_FORMAT=DYNAMIC
			CHARACTER SET=utf8mb4
			COLLATE=utf8mb4_unicode_ci
2025-02-28 12:23:40,906 WARNING database DDL Query made to DB:
create table `tabAsset Capitalization Asset Item` (
			name varchar(140) primary key,
			creation datetime(6),
			modified datetime(6),
			modified_by varchar(140),
			owner varchar(140),
			docstatus tinyint not null default '0',
			idx int not null default '0',
			`asset` varchar(140),
`asset_name` varchar(140),
`finance_book` varchar(140),
`item_code` varchar(140),
`item_name` varchar(140),
`current_asset_value` decimal(21,9) NOT NULL DEFAULT 0.0,
`asset_value` decimal(21,9) NOT NULL DEFAULT 0.0,
`cost_center` varchar(140),
`fixed_asset_account` varchar(140),
parent varchar(140),
parentfield varchar(140),
parenttype varchar(140),
index parent(parent))
			ENGINE=InnoDB
			ROW_FORMAT=DYNAMIC
			CHARACTER SET=utf8mb4
			COLLATE=utf8mb4_unicode_ci
2025-02-28 12:23:41,066 WARNING database DDL Query made to DB:
create table `tabLinked Location` (
			name varchar(140) primary key,
			creation datetime(6),
			modified datetime(6),
			modified_by varchar(140),
			owner varchar(140),
			docstatus tinyint not null default '0',
			idx int not null default '0',
			`location` varchar(140),
parent varchar(140),
parentfield varchar(140),
parenttype varchar(140),
index parent(parent))
			ENGINE=InnoDB
			ROW_FORMAT=DYNAMIC
			CHARACTER SET=utf8mb4
			COLLATE=utf8mb4_unicode_ci
2025-02-28 12:23:41,184 WARNING database DDL Query made to DB:
create table `tabAsset Category Account` (
			name varchar(140) primary key,
			creation datetime(6),
			modified datetime(6),
			modified_by varchar(140),
			owner varchar(140),
			docstatus tinyint not null default '0',
			idx int not null default '0',
			`company_name` varchar(140),
`fixed_asset_account` varchar(140),
`accumulated_depreciation_account` varchar(140),
`depreciation_expense_account` varchar(140),
`capital_work_in_progress_account` varchar(140),
parent varchar(140),
parentfield varchar(140),
parenttype varchar(140),
index parent(parent))
			ENGINE=InnoDB
			ROW_FORMAT=DYNAMIC
			CHARACTER SET=utf8mb4
			COLLATE=utf8mb4_unicode_ci
2025-02-28 12:23:41,347 WARNING database DDL Query made to DB:
create table `tabAsset Value Adjustment` (
			name varchar(140) primary key,
			creation datetime(6),
			modified datetime(6),
			modified_by varchar(140),
			owner varchar(140),
			docstatus tinyint not null default '0',
			idx int not null default '0',
			`company` varchar(140),
`asset` varchar(140),
`asset_category` varchar(140),
`date` date,
`finance_book` varchar(140),
`amended_from` varchar(140),
`current_asset_value` decimal(21,9) NOT NULL DEFAULT 0.0,
`new_asset_value` decimal(21,9) NOT NULL DEFAULT 0.0,
`difference_amount` decimal(21,9) NOT NULL DEFAULT 0.0,
`difference_account` varchar(140),
`journal_entry` varchar(140),
`cost_center` varchar(140),
`_user_tags` text,
`_comments` text,
`_assign` text,
`_liked_by` text,
index creation(creation))
			ENGINE=InnoDB
			ROW_FORMAT=DYNAMIC
			CHARACTER SET=utf8mb4
			COLLATE=utf8mb4_unicode_ci
2025-02-28 12:23:41,573 WARNING database DDL Query made to DB:
create table `tabAsset Depreciation Schedule` (
			name varchar(140) primary key,
			creation datetime(6),
			modified datetime(6),
			modified_by varchar(140),
			owner varchar(140),
			docstatus tinyint not null default '0',
			idx int not null default '0',
			`asset` varchar(140),
`naming_series` varchar(140),
`company` varchar(140),
`gross_purchase_amount` decimal(21,9) NOT NULL DEFAULT 0.0,
`opening_accumulated_depreciation` decimal(21,9) NOT NULL DEFAULT 0.0,
`opening_number_of_booked_depreciations` int NOT NULL DEFAULT 0,
`finance_book` varchar(140),
`finance_book_id` int NOT NULL DEFAULT 0,
`depreciation_method` varchar(140),
`total_number_of_depreciations` int NOT NULL DEFAULT 0,
`rate_of_depreciation` decimal(21,9) NOT NULL DEFAULT 0.0,
`daily_prorata_based` tinyint NOT NULL DEFAULT 0,
`shift_based` tinyint NOT NULL DEFAULT 0,
`frequency_of_depreciation` int NOT NULL DEFAULT 0,
`expected_value_after_useful_life` decimal(21,9) NOT NULL DEFAULT 0.0,
`notes` text,
`status` varchar(140),
`amended_from` varchar(140),
`_user_tags` text,
`_comments` text,
`_assign` text,
`_liked_by` text,
index creation(creation))
			ENGINE=InnoDB
			ROW_FORMAT=DYNAMIC
			CHARACTER SET=utf8mb4
			COLLATE=utf8mb4_unicode_ci
2025-02-28 12:23:41,709 WARNING database DDL Query made to DB:
create table `tabAsset Repair Purchase Invoice` (
			name varchar(140) primary key,
			creation datetime(6),
			modified datetime(6),
			modified_by varchar(140),
			owner varchar(140),
			docstatus tinyint not null default '0',
			idx int not null default '0',
			`purchase_invoice` varchar(140),
`expense_account` varchar(140),
`repair_cost` decimal(21,9) NOT NULL DEFAULT 0.0,
parent varchar(140),
parentfield varchar(140),
parenttype varchar(140),
index parent(parent))
			ENGINE=InnoDB
			ROW_FORMAT=DYNAMIC
			CHARACTER SET=utf8mb4
			COLLATE=utf8mb4_unicode_ci
2025-02-28 12:23:41,891 WARNING database DDL Query made to DB:
create table `tabAsset Repair` (
			name varchar(140) primary key,
			creation datetime(6),
			modified datetime(6),
			modified_by varchar(140),
			owner varchar(140),
			docstatus tinyint not null default '0',
			idx int not null default '0',
			`asset` varchar(140),
`company` varchar(140),
`asset_name` varchar(140),
`naming_series` varchar(140),
`failure_date` datetime(6),
`repair_status` varchar(140) DEFAULT 'Pending',
`completion_date` datetime(6),
`cost_center` varchar(140),
`project` varchar(140),
`capitalize_repair_cost` tinyint NOT NULL DEFAULT 0,
`stock_consumption` tinyint NOT NULL DEFAULT 0,
`repair_cost` decimal(21,9) NOT NULL DEFAULT 0.0,
`total_repair_cost` decimal(21,9) NOT NULL DEFAULT 0.0,
`increase_in_asset_life` int NOT NULL DEFAULT 0,
`description` longtext,
`actions_performed` longtext,
`downtime` varchar(140),
`amended_from` varchar(140),
`_user_tags` text,
`_comments` text,
`_assign` text,
`_liked_by` text,
`_seen` text,
index creation(creation))
			ENGINE=InnoDB
			ROW_FORMAT=DYNAMIC
			CHARACTER SET=utf8mb4
			COLLATE=utf8mb4_unicode_ci
2025-02-28 12:23:42,042 WARNING database DDL Query made to DB:
create table `tabAsset Capitalization Service Item` (
			name varchar(140) primary key,
			creation datetime(6),
			modified datetime(6),
			modified_by varchar(140),
			owner varchar(140),
			docstatus tinyint not null default '0',
			idx int not null default '0',
			`item_code` varchar(140),
`item_name` varchar(140),
`expense_account` varchar(140),
`qty` decimal(21,9) NOT NULL DEFAULT 1.0,
`uom` varchar(140),
`rate` decimal(21,9) NOT NULL DEFAULT 0.0,
`amount` decimal(21,9) NOT NULL DEFAULT 0.0,
`cost_center` varchar(140),
parent varchar(140),
parentfield varchar(140),
parenttype varchar(140),
index parent(parent))
			ENGINE=InnoDB
			ROW_FORMAT=DYNAMIC
			CHARACTER SET=utf8mb4
			COLLATE=utf8mb4_unicode_ci
2025-02-28 12:23:42,188 WARNING database DDL Query made to DB:
create table `tabAsset Capitalization Stock Item` (
			name varchar(140) primary key,
			creation datetime(6),
			modified datetime(6),
			modified_by varchar(140),
			owner varchar(140),
			docstatus tinyint not null default '0',
			idx int not null default '0',
			`item_code` varchar(140),
`item_name` varchar(140),
`warehouse` varchar(140),
`stock_qty` decimal(21,9) NOT NULL DEFAULT 0.0,
`stock_uom` varchar(140),
`actual_qty` decimal(21,9) NOT NULL DEFAULT 0.0,
`valuation_rate` decimal(21,9) NOT NULL DEFAULT 0.0,
`amount` decimal(21,9) NOT NULL DEFAULT 0.0,
`serial_and_batch_bundle` varchar(140),
`use_serial_batch_fields` tinyint NOT NULL DEFAULT 0,
`serial_no` text,
`batch_no` varchar(140),
`cost_center` varchar(140),
parent varchar(140),
parentfield varchar(140),
parenttype varchar(140),
index parent(parent))
			ENGINE=InnoDB
			ROW_FORMAT=DYNAMIC
			CHARACTER SET=utf8mb4
			COLLATE=utf8mb4_unicode_ci
2025-02-28 12:23:42,406 WARNING database DDL Query made to DB:
create table `tabWebsite Attribute` (
			name varchar(140) primary key,
			creation datetime(6),
			modified datetime(6),
			modified_by varchar(140),
			owner varchar(140),
			docstatus tinyint not null default '0',
			idx int not null default '0',
			`attribute` varchar(140),
parent varchar(140),
parentfield varchar(140),
parenttype varchar(140),
index parent(parent))
			ENGINE=InnoDB
			ROW_FORMAT=DYNAMIC
			CHARACTER SET=utf8mb4
			COLLATE=utf8mb4_unicode_ci
2025-02-28 12:23:42,503 WARNING database DDL Query made to DB:
create table `tabWebsite Filter Field` (
			name varchar(140) primary key,
			creation datetime(6),
			modified datetime(6),
			modified_by varchar(140),
			owner varchar(140),
			docstatus tinyint not null default '0',
			idx int not null default '0',
			`fieldname` varchar(140),
parent varchar(140),
parentfield varchar(140),
parenttype varchar(140),
index parent(parent))
			ENGINE=InnoDB
			ROW_FORMAT=DYNAMIC
			CHARACTER SET=utf8mb4
			COLLATE=utf8mb4_unicode_ci
2025-02-28 12:23:42,627 WARNING database DDL Query made to DB:
create table `tabMaintenance Schedule Item` (
			name varchar(140) primary key,
			creation datetime(6),
			modified datetime(6),
			modified_by varchar(140),
			owner varchar(140),
			docstatus tinyint not null default '0',
			idx int not null default '0',
			`item_code` varchar(140),
`item_name` varchar(140),
`description` longtext,
`start_date` date,
`end_date` date,
`periodicity` varchar(140),
`no_of_visits` int NOT NULL DEFAULT 0,
`sales_person` varchar(140),
`serial_no` text,
`sales_order` varchar(140),
`serial_and_batch_bundle` varchar(140),
index `item_code`(`item_code`),
index `start_date`(`start_date`),
index `end_date`(`end_date`),
index `sales_order`(`sales_order`),
parent varchar(140),
parentfield varchar(140),
parenttype varchar(140),
index parent(parent))
			ENGINE=InnoDB
			ROW_FORMAT=DYNAMIC
			CHARACTER SET=utf8mb4
			COLLATE=utf8mb4_unicode_ci
2025-02-28 12:23:42,791 WARNING database DDL Query made to DB:
create table `tabMaintenance Visit Purpose` (
			name varchar(140) primary key,
			creation datetime(6),
			modified datetime(6),
			modified_by varchar(140),
			owner varchar(140),
			docstatus tinyint not null default '0',
			idx int not null default '0',
			`item_code` varchar(140),
`item_name` varchar(140),
`service_person` varchar(140),
`serial_no` varchar(140),
`description` longtext,
`work_done` text,
`prevdoc_doctype` varchar(140),
`prevdoc_docname` varchar(140),
`maintenance_schedule_detail` varchar(140),
parent varchar(140),
parentfield varchar(140),
parenttype varchar(140),
index parent(parent))
			ENGINE=InnoDB
			ROW_FORMAT=DYNAMIC
			CHARACTER SET=utf8mb4
			COLLATE=utf8mb4_unicode_ci
2025-02-28 12:23:42,942 WARNING database DDL Query made to DB:
create table `tabMaintenance Schedule Detail` (
			name varchar(140) primary key,
			creation datetime(6),
			modified datetime(6),
			modified_by varchar(140),
			owner varchar(140),
			docstatus tinyint not null default '0',
			idx int not null default '0',
			`item_code` varchar(140),
`item_name` varchar(140),
`scheduled_date` date,
`actual_date` date,
`sales_person` varchar(140),
`completion_status` varchar(140) DEFAULT 'Pending',
`serial_no` text,
`item_reference` varchar(140),
index `item_code`(`item_code`),
index `scheduled_date`(`scheduled_date`),
parent varchar(140),
parentfield varchar(140),
parenttype varchar(140),
index parent(parent))
			ENGINE=InnoDB
			ROW_FORMAT=DYNAMIC
			CHARACTER SET=utf8mb4
			COLLATE=utf8mb4_unicode_ci
2025-02-28 12:23:43,160 WARNING database DDL Query made to DB:
create table `tabMaintenance Visit` (
			name varchar(140) primary key,
			creation datetime(6),
			modified datetime(6),
			modified_by varchar(140),
			owner varchar(140),
			docstatus tinyint not null default '0',
			idx int not null default '0',
			`naming_series` varchar(140),
`customer` varchar(140),
`customer_name` varchar(140),
`address_display` longtext,
`contact_display` text,
`contact_mobile` varchar(140),
`contact_email` varchar(140),
`maintenance_schedule` varchar(140),
`maintenance_schedule_detail` varchar(140),
`mntc_date` date,
`mntc_time` time(6),
`completion_status` varchar(140),
`maintenance_type` varchar(140) DEFAULT 'Unscheduled',
`customer_feedback` text,
`status` varchar(140) DEFAULT 'Draft',
`amended_from` varchar(140),
`company` varchar(140),
`customer_address` varchar(140),
`contact_person` varchar(140),
`territory` varchar(140),
`customer_group` varchar(140),
`_user_tags` text,
`_comments` text,
`_assign` text,
`_liked_by` text,
index creation(creation))
			ENGINE=InnoDB
			ROW_FORMAT=DYNAMIC
			CHARACTER SET=utf8mb4
			COLLATE=utf8mb4_unicode_ci
2025-02-28 12:23:43,347 WARNING database DDL Query made to DB:
create table `tabMaintenance Schedule` (
			name varchar(140) primary key,
			creation datetime(6),
			modified datetime(6),
			modified_by varchar(140),
			owner varchar(140),
			docstatus tinyint not null default '0',
			idx int not null default '0',
			`naming_series` varchar(140),
`customer` varchar(140),
`status` varchar(140) DEFAULT 'Draft',
`transaction_date` date,
`customer_name` varchar(140),
`contact_person` varchar(140),
`contact_mobile` varchar(140),
`contact_email` varchar(140),
`contact_display` text,
`customer_address` varchar(140),
`address_display` longtext,
`territory` varchar(140),
`customer_group` varchar(140),
`company` varchar(140),
`amended_from` varchar(140),
`_user_tags` text,
`_comments` text,
`_assign` text,
`_liked_by` text,
index `customer`(`customer`),
index creation(creation))
			ENGINE=InnoDB
			ROW_FORMAT=DYNAMIC
			CHARACTER SET=utf8mb4
			COLLATE=utf8mb4_unicode_ci
2025-02-28 12:23:43,530 WARNING database DDL Query made to DB:
create table `tabLower Deduction Certificate` (
			name varchar(140) primary key,
			creation datetime(6),
			modified datetime(6),
			modified_by varchar(140),
			owner varchar(140),
			docstatus tinyint not null default '0',
			idx int not null default '0',
			`tax_withholding_category` varchar(140),
`fiscal_year` varchar(140),
`company` varchar(140),
`certificate_no` varchar(140) UNIQUE,
`supplier` varchar(140),
`pan_no` varchar(140),
`valid_from` date,
`valid_upto` date,
`rate` decimal(21,9) NOT NULL DEFAULT 0.0,
`certificate_limit` decimal(21,9) NOT NULL DEFAULT 0.0,
`_user_tags` text,
`_comments` text,
`_assign` text,
`_liked_by` text,
index creation(creation))
			ENGINE=InnoDB
			ROW_FORMAT=DYNAMIC
			CHARACTER SET=utf8mb4
			COLLATE=utf8mb4_unicode_ci
2025-02-28 12:23:43,699 WARNING database DDL Query made to DB:
create table `tabUAE VAT Account` (
			name varchar(140) primary key,
			creation datetime(6),
			modified datetime(6),
			modified_by varchar(140),
			owner varchar(140),
			docstatus tinyint not null default '0',
			idx int not null default '0',
			`account` varchar(140),
parent varchar(140),
parentfield varchar(140),
parenttype varchar(140),
index parent(parent))
			ENGINE=InnoDB
			ROW_FORMAT=DYNAMIC
			CHARACTER SET=utf8mb4
			COLLATE=utf8mb4_unicode_ci
2025-02-28 12:23:43,828 WARNING database DDL Query made to DB:
create table `tabUAE VAT Settings` (
			name varchar(140) primary key,
			creation datetime(6),
			modified datetime(6),
			modified_by varchar(140),
			owner varchar(140),
			docstatus tinyint not null default '0',
			idx int not null default '0',
			`company` varchar(140) UNIQUE,
`_user_tags` text,
`_comments` text,
`_assign` text,
`_liked_by` text,
index creation(creation))
			ENGINE=InnoDB
			ROW_FORMAT=DYNAMIC
			CHARACTER SET=utf8mb4
			COLLATE=utf8mb4_unicode_ci
2025-02-28 12:23:43,934 WARNING database DDL Query made to DB:
create table `tabSouth Africa VAT Settings` (
			name varchar(140) primary key,
			creation datetime(6),
			modified datetime(6),
			modified_by varchar(140),
			owner varchar(140),
			docstatus tinyint not null default '0',
			idx int not null default '0',
			`company` varchar(140) UNIQUE,
`_user_tags` text,
`_comments` text,
`_assign` text,
`_liked_by` text,
index creation(creation))
			ENGINE=InnoDB
			ROW_FORMAT=DYNAMIC
			CHARACTER SET=utf8mb4
			COLLATE=utf8mb4_unicode_ci
2025-02-28 12:23:44,146 WARNING database DDL Query made to DB:
create table `tabImport Supplier Invoice` (
			name varchar(140) primary key,
			creation datetime(6),
			modified datetime(6),
			modified_by varchar(140),
			owner varchar(140),
			docstatus tinyint not null default '0',
			idx int not null default '0',
			`invoice_series` varchar(140),
`company` varchar(140),
`item_code` varchar(140),
`supplier_group` varchar(140),
`tax_account` varchar(140),
`default_buying_price_list` varchar(140),
`zip_file` text,
`status` varchar(140),
`_user_tags` text,
`_comments` text,
`_assign` text,
`_liked_by` text,
index creation(creation))
			ENGINE=InnoDB
			ROW_FORMAT=DYNAMIC
			CHARACTER SET=utf8mb4
			COLLATE=utf8mb4_unicode_ci
2025-02-28 12:23:44,626 WARNING database DDL Query made to DB:
create table `tabQuality Action` (
			name varchar(140) primary key,
			creation datetime(6),
			modified datetime(6),
			modified_by varchar(140),
			owner varchar(140),
			docstatus tinyint not null default '0',
			idx int not null default '0',
			`corrective_preventive` varchar(140) DEFAULT 'Corrective',
`review` varchar(140),
`feedback` varchar(140),
`status` varchar(140) DEFAULT 'Open',
`date` date,
`goal` varchar(140),
`procedure` varchar(140),
`_user_tags` text,
`_comments` text,
`_assign` text,
`_liked_by` text,
index creation(creation))
			ENGINE=InnoDB
			ROW_FORMAT=DYNAMIC
			CHARACTER SET=utf8mb4
			COLLATE=utf8mb4_unicode_ci
2025-02-28 12:23:44,787 WARNING database DDL Query made to DB:
create table `tabQuality Meeting Minutes` (
			name varchar(140) primary key,
			creation datetime(6),
			modified datetime(6),
			modified_by varchar(140),
			owner varchar(140),
			docstatus tinyint not null default '0',
			idx int not null default '0',
			`document_type` varchar(140),
`document_name` varchar(140),
`minute` longtext,
parent varchar(140),
parentfield varchar(140),
parenttype varchar(140),
index parent(parent))
			ENGINE=InnoDB
			ROW_FORMAT=DYNAMIC
			CHARACTER SET=utf8mb4
			COLLATE=utf8mb4_unicode_ci
2025-02-28 12:23:45,020 WARNING database DDL Query made to DB:
create table `tabQuality Meeting` (
			name varchar(140) primary key,
			creation datetime(6),
			modified datetime(6),
			modified_by varchar(140),
			owner varchar(140),
			docstatus tinyint not null default '0',
			idx int not null default '0',
			`status` varchar(140) DEFAULT 'Open',
`_user_tags` text,
`_comments` text,
`_assign` text,
`_liked_by` text,
index creation(creation))
			ENGINE=InnoDB
			ROW_FORMAT=DYNAMIC
			CHARACTER SET=utf8mb4
			COLLATE=utf8mb4_unicode_ci
2025-02-28 12:23:45,149 WARNING database DDL Query made to DB:
create table `tabQuality Feedback Template` (
			name varchar(140) primary key,
			creation datetime(6),
			modified datetime(6),
			modified_by varchar(140),
			owner varchar(140),
			docstatus tinyint not null default '0',
			idx int not null default '0',
			`template` varchar(140) UNIQUE,
`_user_tags` text,
`_comments` text,
`_assign` text,
`_liked_by` text,
index creation(creation))
			ENGINE=InnoDB
			ROW_FORMAT=DYNAMIC
			CHARACTER SET=utf8mb4
			COLLATE=utf8mb4_unicode_ci
2025-02-28 12:23:45,309 WARNING database DDL Query made to DB:
create table `tabQuality Goal` (
			name varchar(140) primary key,
			creation datetime(6),
			modified datetime(6),
			modified_by varchar(140),
			owner varchar(140),
			docstatus tinyint not null default '0',
			idx int not null default '0',
			`goal` varchar(140) UNIQUE,
`frequency` varchar(140) DEFAULT 'None',
`procedure` varchar(140),
`weekday` varchar(140),
`date` varchar(140),
`_user_tags` text,
`_comments` text,
`_assign` text,
`_liked_by` text,
index creation(creation))
			ENGINE=InnoDB
			ROW_FORMAT=DYNAMIC
			CHARACTER SET=utf8mb4
			COLLATE=utf8mb4_unicode_ci
2025-02-28 12:23:45,448 WARNING database DDL Query made to DB:
create table `tabQuality Feedback Template Parameter` (
			name varchar(140) primary key,
			creation datetime(6),
			modified datetime(6),
			modified_by varchar(140),
			owner varchar(140),
			docstatus tinyint not null default '0',
			idx int not null default '0',
			`parameter` varchar(140),
parent varchar(140),
parentfield varchar(140),
parenttype varchar(140),
index parent(parent))
			ENGINE=InnoDB
			ROW_FORMAT=DYNAMIC
			CHARACTER SET=utf8mb4
			COLLATE=utf8mb4_unicode_ci
2025-02-28 12:23:45,608 WARNING database DDL Query made to DB:
create table `tabNon Conformance` (
			name varchar(140) primary key,
			creation datetime(6),
			modified datetime(6),
			modified_by varchar(140),
			owner varchar(140),
			docstatus tinyint not null default '0',
			idx int not null default '0',
			`subject` varchar(140),
`procedure` varchar(140),
`process_owner` varchar(140),
`full_name` varchar(140),
`status` varchar(140),
`details` longtext,
`corrective_action` longtext,
`preventive_action` longtext,
`_user_tags` text,
`_comments` text,
`_assign` text,
`_liked_by` text,
index creation(creation))
			ENGINE=InnoDB
			ROW_FORMAT=DYNAMIC
			CHARACTER SET=utf8mb4
			COLLATE=utf8mb4_unicode_ci
2025-02-28 12:23:45,784 WARNING database DDL Query made to DB:
create table `tabQuality Review` (
			name varchar(140) primary key,
			creation datetime(6),
			modified datetime(6),
			modified_by varchar(140),
			owner varchar(140),
			docstatus tinyint not null default '0',
			idx int not null default '0',
			`goal` varchar(140),
`date` date,
`procedure` varchar(140),
`status` varchar(140) DEFAULT 'Open',
`additional_information` text,
`_user_tags` text,
`_comments` text,
`_assign` text,
`_liked_by` text,
index creation(creation))
			ENGINE=InnoDB
			ROW_FORMAT=DYNAMIC
			CHARACTER SET=utf8mb4
			COLLATE=utf8mb4_unicode_ci
2025-02-28 12:23:45,903 WARNING database DDL Query made to DB:
create table `tabQuality Feedback Parameter` (
			name varchar(140) primary key,
			creation datetime(6),
			modified datetime(6),
			modified_by varchar(140),
			owner varchar(140),
			docstatus tinyint not null default '0',
			idx int not null default '0',
			`parameter` varchar(140),
`rating` varchar(140) DEFAULT '1',
`feedback` longtext,
parent varchar(140),
parentfield varchar(140),
parenttype varchar(140),
index parent(parent))
			ENGINE=InnoDB
			ROW_FORMAT=DYNAMIC
			CHARACTER SET=utf8mb4
			COLLATE=utf8mb4_unicode_ci
2025-02-28 12:23:46,001 WARNING database DDL Query made to DB:
create table `tabQuality Goal Objective` (
			name varchar(140) primary key,
			creation datetime(6),
			modified datetime(6),
			modified_by varchar(140),
			owner varchar(140),
			docstatus tinyint not null default '0',
			idx int not null default '0',
			`objective` text,
`target` varchar(140),
`uom` varchar(140),
parent varchar(140),
parentfield varchar(140),
parenttype varchar(140),
index parent(parent))
			ENGINE=InnoDB
			ROW_FORMAT=DYNAMIC
			CHARACTER SET=utf8mb4
			COLLATE=utf8mb4_unicode_ci
2025-02-28 12:23:46,114 WARNING database DDL Query made to DB:
create table `tabQuality Review Objective` (
			name varchar(140) primary key,
			creation datetime(6),
			modified datetime(6),
			modified_by varchar(140),
			owner varchar(140),
			docstatus tinyint not null default '0',
			idx int not null default '0',
			`objective` text,
`target` varchar(140),
`uom` varchar(140),
`status` varchar(140) DEFAULT 'Open',
`review` longtext,
parent varchar(140),
parentfield varchar(140),
parenttype varchar(140),
index parent(parent))
			ENGINE=InnoDB
			ROW_FORMAT=DYNAMIC
			CHARACTER SET=utf8mb4
			COLLATE=utf8mb4_unicode_ci
2025-02-28 12:23:46,279 WARNING database DDL Query made to DB:
create table `tabQuality Procedure` (
			name varchar(140) primary key,
			creation datetime(6),
			modified datetime(6),
			modified_by varchar(140),
			owner varchar(140),
			docstatus tinyint not null default '0',
			idx int not null default '0',
			`quality_procedure_name` varchar(140) UNIQUE,
`process_owner` varchar(140),
`process_owner_full_name` varchar(140),
`parent_quality_procedure` varchar(140),
`is_group` tinyint NOT NULL DEFAULT 0,
`rgt` int NOT NULL DEFAULT 0,
`lft` int NOT NULL DEFAULT 0,
`old_parent` varchar(140),
`_user_tags` text,
`_comments` text,
`_assign` text,
`_liked_by` text,
index creation(creation))
			ENGINE=InnoDB
			ROW_FORMAT=DYNAMIC
			CHARACTER SET=utf8mb4
			COLLATE=utf8mb4_unicode_ci
2025-02-28 12:23:46,463 WARNING database DDL Query made to DB:
create table `tabQuality Procedure Process` (
			name varchar(140) primary key,
			creation datetime(6),
			modified datetime(6),
			modified_by varchar(140),
			owner varchar(140),
			docstatus tinyint not null default '0',
			idx int not null default '0',
			`process_description` longtext,
`procedure` varchar(140),
parent varchar(140),
parentfield varchar(140),
parenttype varchar(140),
index parent(parent))
			ENGINE=InnoDB
			ROW_FORMAT=DYNAMIC
			CHARACTER SET=utf8mb4
			COLLATE=utf8mb4_unicode_ci
2025-02-28 12:23:46,630 WARNING database DDL Query made to DB:
create table `tabQuality Action Resolution` (
			name varchar(140) primary key,
			creation datetime(6),
			modified datetime(6),
			modified_by varchar(140),
			owner varchar(140),
			docstatus tinyint not null default '0',
			idx int not null default '0',
			`problem` longtext,
`resolution` longtext,
`status` varchar(140),
`responsible` varchar(140),
`completion_by` date,
parent varchar(140),
parentfield varchar(140),
parenttype varchar(140),
index parent(parent))
			ENGINE=InnoDB
			ROW_FORMAT=DYNAMIC
			CHARACTER SET=utf8mb4
			COLLATE=utf8mb4_unicode_ci
2025-02-28 12:23:46,778 WARNING database DDL Query made to DB:
create table `tabQuality Feedback` (
			name varchar(140) primary key,
			creation datetime(6),
			modified datetime(6),
			modified_by varchar(140),
			owner varchar(140),
			docstatus tinyint not null default '0',
			idx int not null default '0',
			`template` varchar(140),
`document_type` varchar(140),
`document_name` varchar(140),
`_user_tags` text,
`_comments` text,
`_assign` text,
`_liked_by` text,
index creation(creation))
			ENGINE=InnoDB
			ROW_FORMAT=DYNAMIC
			CHARACTER SET=utf8mb4
			COLLATE=utf8mb4_unicode_ci
2025-02-28 12:23:46,913 WARNING database DDL Query made to DB:
create table `tabQuality Meeting Agenda` (
			name varchar(140) primary key,
			creation datetime(6),
			modified datetime(6),
			modified_by varchar(140),
			owner varchar(140),
			docstatus tinyint not null default '0',
			idx int not null default '0',
			`agenda` longtext,
parent varchar(140),
parentfield varchar(140),
parenttype varchar(140),
index parent(parent))
			ENGINE=InnoDB
			ROW_FORMAT=DYNAMIC
			CHARACTER SET=utf8mb4
			COLLATE=utf8mb4_unicode_ci
2025-02-28 12:23:47,123 WARNING database DDL Query made to DB:
create table `tabCommunication Medium` (
			name varchar(140) primary key,
			creation datetime(6),
			modified datetime(6),
			modified_by varchar(140),
			owner varchar(140),
			docstatus tinyint not null default '0',
			idx int not null default '0',
			`communication_channel` varchar(140),
`communication_medium_type` varchar(140),
`catch_all` varchar(140),
`provider` varchar(140),
`disabled` tinyint NOT NULL DEFAULT 0,
`_user_tags` text,
`_comments` text,
`_assign` text,
`_liked_by` text,
index creation(creation))
			ENGINE=InnoDB
			ROW_FORMAT=DYNAMIC
			CHARACTER SET=utf8mb4
			COLLATE=utf8mb4_unicode_ci
2025-02-28 12:23:47,267 WARNING database DDL Query made to DB:
create table `tabCommunication Medium Timeslot` (
			name varchar(140) primary key,
			creation datetime(6),
			modified datetime(6),
			modified_by varchar(140),
			owner varchar(140),
			docstatus tinyint not null default '0',
			idx int not null default '0',
			`day_of_week` varchar(140),
`from_time` time(6),
`to_time` time(6),
`employee_group` varchar(140),
parent varchar(140),
parentfield varchar(140),
parenttype varchar(140),
index parent(parent))
			ENGINE=InnoDB
			ROW_FORMAT=DYNAMIC
			CHARACTER SET=utf8mb4
			COLLATE=utf8mb4_unicode_ci
2025-02-28 12:23:47,408 WARNING database DDL Query made to DB:
create table `tabTelephony Call Type` (
			name varchar(140) primary key,
			creation datetime(6),
			modified datetime(6),
			modified_by varchar(140),
			owner varchar(140),
			docstatus tinyint not null default '0',
			idx int not null default '0',
			`call_type` varchar(140) UNIQUE,
`amended_from` varchar(140),
`_user_tags` text,
`_comments` text,
`_assign` text,
`_liked_by` text,
index creation(creation))
			ENGINE=InnoDB
			ROW_FORMAT=DYNAMIC
			CHARACTER SET=utf8mb4
			COLLATE=utf8mb4_unicode_ci
2025-02-28 12:23:47,551 WARNING database DDL Query made to DB:
create table `tabIncoming Call Handling Schedule` (
			name varchar(140) primary key,
			creation datetime(6),
			modified datetime(6),
			modified_by varchar(140),
			owner varchar(140),
			docstatus tinyint not null default '0',
			idx int not null default '0',
			`day_of_week` varchar(140),
`from_time` time(6) DEFAULT '9:00:00',
`to_time` time(6) DEFAULT '17:00:00',
`agent_group` varchar(140),
parent varchar(140),
parentfield varchar(140),
parenttype varchar(140),
index parent(parent))
			ENGINE=InnoDB
			ROW_FORMAT=DYNAMIC
			CHARACTER SET=utf8mb4
			COLLATE=utf8mb4_unicode_ci
2025-02-28 12:23:47,756 WARNING database DDL Query made to DB:
create table `tabCall Log` (
			name varchar(140) primary key,
			creation datetime(6),
			modified datetime(6),
			modified_by varchar(140),
			owner varchar(140),
			docstatus tinyint not null default '0',
			idx int not null default '0',
			`id` varchar(140) UNIQUE,
`from` varchar(140),
`to` varchar(140),
`call_received_by` varchar(140),
`employee_user_id` varchar(140),
`medium` varchar(140),
`start_time` datetime(6),
`end_time` datetime(6),
`type` varchar(140),
`customer` varchar(140),
`status` varchar(140),
`duration` decimal(21,9),
`recording_url` varchar(140),
`type_of_call` varchar(140),
`summary` text,
`_user_tags` text,
`_comments` text,
`_assign` text,
`_liked_by` text,
index creation(creation))
			ENGINE=InnoDB
			ROW_FORMAT=DYNAMIC
			CHARACTER SET=utf8mb4
			COLLATE=utf8mb4_unicode_ci
2025-02-28 12:23:47,910 WARNING database DDL Query made to DB:
create table `tabVoice Call Settings` (
			name varchar(140) primary key,
			creation datetime(6),
			modified datetime(6),
			modified_by varchar(140),
			owner varchar(140),
			docstatus tinyint not null default '0',
			idx int not null default '0',
			`user` varchar(140) UNIQUE,
`call_receiving_device` varchar(140) DEFAULT 'Computer',
`greeting_message` varchar(140),
`agent_busy_message` varchar(140),
`agent_unavailable_message` varchar(140),
`_user_tags` text,
`_comments` text,
`_assign` text,
`_liked_by` text,
index creation(creation))
			ENGINE=InnoDB
			ROW_FORMAT=DYNAMIC
			CHARACTER SET=utf8mb4
			COLLATE=utf8mb4_unicode_ci
2025-02-28 12:23:48,048 WARNING database DDL Query made to DB:
create table `tabIncoming Call Settings` (
			name varchar(140) primary key,
			creation datetime(6),
			modified datetime(6),
			modified_by varchar(140),
			owner varchar(140),
			docstatus tinyint not null default '0',
			idx int not null default '0',
			`call_routing` varchar(140) DEFAULT 'Sequential',
`greeting_message` varchar(140),
`agent_busy_message` varchar(140),
`agent_unavailable_message` varchar(140),
`_user_tags` text,
`_comments` text,
`_assign` text,
`_liked_by` text,
index creation(creation))
			ENGINE=InnoDB
			ROW_FORMAT=DYNAMIC
			CHARACTER SET=utf8mb4
			COLLATE=utf8mb4_unicode_ci
2025-02-28 12:23:48,323 WARNING database DDL Query made to DB:
create table `tabBulk Transaction Log Detail` (
			name varchar(140) primary key,
			creation datetime(6),
			modified datetime(6),
			modified_by varchar(140),
			owner varchar(140),
			docstatus tinyint not null default '0',
			idx int not null default '0',
			`from_doctype` varchar(140),
`transaction_name` varchar(140),
`date` date,
`time` time(6),
`transaction_status` varchar(140),
`error_description` longtext,
`to_doctype` varchar(140),
`retried` int NOT NULL DEFAULT 0,
`_user_tags` text,
`_comments` text,
`_assign` text,
`_liked_by` text,
index `from_doctype`(`from_doctype`),
index `transaction_name`(`transaction_name`),
index `date`(`date`),
index creation(creation))
			ENGINE=InnoDB
			ROW_FORMAT=DYNAMIC
			CHARACTER SET=utf8mb4
			COLLATE=utf8mb4_unicode_ci
2025-02-28 12:23:48,601 WARNING database DDL Query made to DB:
create table `tabSubcontracting Receipt` (
			name varchar(140) primary key,
			creation datetime(6),
			modified datetime(6),
			modified_by varchar(140),
			owner varchar(140),
			docstatus tinyint not null default '0',
			idx int not null default '0',
			`title` varchar(140) DEFAULT '{supplier_name}',
`naming_series` varchar(140),
`supplier` varchar(140),
`supplier_name` varchar(140),
`supplier_delivery_note` varchar(140),
`company` varchar(140),
`posting_date` date,
`posting_time` time(6),
`set_posting_time` tinyint NOT NULL DEFAULT 0,
`is_return` tinyint NOT NULL DEFAULT 0,
`return_against` varchar(140),
`cost_center` varchar(140),
`project` varchar(140),
`set_warehouse` varchar(140),
`rejected_warehouse` varchar(140),
`supplier_warehouse` varchar(140),
`total_qty` decimal(21,9) NOT NULL DEFAULT 0.0,
`total` decimal(21,9) NOT NULL DEFAULT 0.0,
`in_words` varchar(240),
`bill_no` varchar(140),
`bill_date` date,
`supplier_address` varchar(140),
`contact_person` varchar(140),
`address_display` longtext,
`contact_display` text,
`contact_mobile` text,
`contact_email` text,
`shipping_address` varchar(140),
`shipping_address_display` longtext,
`billing_address` varchar(140),
`billing_address_display` longtext,
`distribute_additional_costs_based_on` varchar(140) DEFAULT 'Qty',
`total_additional_costs` decimal(21,9) NOT NULL DEFAULT 0.0,
`amended_from` varchar(140),
`range` varchar(140),
`represents_company` varchar(140),
`status` varchar(140) DEFAULT 'Draft',
`per_returned` decimal(21,9) NOT NULL DEFAULT 0.0,
`auto_repeat` varchar(140),
`letter_head` varchar(140),
`language` varchar(140),
`instructions` text,
`select_print_heading` varchar(140),
`remarks` text,
`transporter_name` varchar(140),
`lr_no` varchar(140),
`lr_date` date,
`_user_tags` text,
`_comments` text,
`_assign` text,
`_liked_by` text,
index `supplier`(`supplier`),
index `posting_date`(`posting_date`),
index `status`(`status`),
index creation(creation))
			ENGINE=InnoDB
			ROW_FORMAT=DYNAMIC
			CHARACTER SET=utf8mb4
			COLLATE=utf8mb4_unicode_ci
2025-02-28 12:23:48,810 WARNING database DDL Query made to DB:
create table `tabSubcontracting Receipt Supplied Item` (
			name varchar(140) primary key,
			creation datetime(6),
			modified datetime(6),
			modified_by varchar(140),
			owner varchar(140),
			docstatus tinyint not null default '0',
			idx int not null default '0',
			`main_item_code` varchar(140),
`rm_item_code` varchar(140),
`item_name` varchar(140),
`bom_detail_no` varchar(140),
`description` longtext,
`stock_uom` varchar(140),
`conversion_factor` decimal(21,9) NOT NULL DEFAULT 1.0,
`reference_name` varchar(140),
`rate` decimal(21,9) NOT NULL DEFAULT 0.0,
`amount` decimal(21,9) NOT NULL DEFAULT 0.0,
`available_qty_for_consumption` decimal(21,9) NOT NULL DEFAULT 0.0,
`required_qty` decimal(21,9) NOT NULL DEFAULT 0.0,
`consumed_qty` decimal(21,9) NOT NULL DEFAULT 0.0,
`current_stock` decimal(21,9) NOT NULL DEFAULT 0.0,
`serial_and_batch_bundle` varchar(140),
`use_serial_batch_fields` tinyint NOT NULL DEFAULT 0,
`subcontracting_order` varchar(140),
`serial_no` text,
`batch_no` varchar(140),
parent varchar(140),
parentfield varchar(140),
parenttype varchar(140),
index parent(parent))
			ENGINE=InnoDB
			ROW_FORMAT=DYNAMIC
			CHARACTER SET=utf8mb4
			COLLATE=utf8mb4_unicode_ci
2025-02-28 12:23:48,970 WARNING database DDL Query made to DB:
create table `tabSubcontracting Order Supplied Item` (
			name varchar(140) primary key,
			creation datetime(6),
			modified datetime(6),
			modified_by varchar(140),
			owner varchar(140),
			docstatus tinyint not null default '0',
			idx int not null default '0',
			`main_item_code` varchar(140),
`rm_item_code` varchar(140),
`stock_uom` varchar(140),
`conversion_factor` decimal(21,9) NOT NULL DEFAULT 1.0,
`reserve_warehouse` varchar(140),
`bom_detail_no` varchar(140),
`reference_name` varchar(140),
`rate` decimal(21,9) NOT NULL DEFAULT 0.0,
`amount` decimal(21,9) NOT NULL DEFAULT 0.0,
`required_qty` decimal(21,9) NOT NULL DEFAULT 0.0,
`supplied_qty` decimal(21,9) NOT NULL DEFAULT 0.0,
`consumed_qty` decimal(21,9) NOT NULL DEFAULT 0.0,
`returned_qty` decimal(21,9) NOT NULL DEFAULT 0.0,
`total_supplied_qty` decimal(21,9) NOT NULL DEFAULT 0.0,
parent varchar(140),
parentfield varchar(140),
parenttype varchar(140),
index parent(parent))
			ENGINE=InnoDB
			ROW_FORMAT=DYNAMIC
			CHARACTER SET=utf8mb4
			COLLATE=utf8mb4_unicode_ci
2025-02-28 12:23:49,198 WARNING database DDL Query made to DB:
create table `tabSubcontracting Order Item` (
			name varchar(140) primary key,
			creation datetime(6),
			modified datetime(6),
			modified_by varchar(140),
			owner varchar(140),
			docstatus tinyint not null default '0',
			idx int not null default '0',
			`item_code` varchar(140),
`item_name` varchar(140),
`bom` varchar(140),
`include_exploded_items` tinyint NOT NULL DEFAULT 0,
`schedule_date` date,
`expected_delivery_date` date,
`description` longtext,
`image` text,
`qty` decimal(21,9) NOT NULL DEFAULT 1.0,
`received_qty` decimal(21,9) NOT NULL DEFAULT 0.0,
`returned_qty` decimal(21,9) NOT NULL DEFAULT 0.0,
`stock_uom` varchar(140),
`conversion_factor` decimal(21,9) NOT NULL DEFAULT 1.0,
`rate` decimal(21,9) NOT NULL DEFAULT 0.0,
`amount` decimal(21,9) NOT NULL DEFAULT 0.0,
`rm_cost_per_qty` decimal(21,9) NOT NULL DEFAULT 0.0,
`service_cost_per_qty` decimal(21,9) NOT NULL DEFAULT 0.0,
`additional_cost_per_qty` decimal(21,9) NOT NULL DEFAULT 0.0,
`warehouse` varchar(140),
`expense_account` varchar(140),
`manufacturer` varchar(140),
`manufacturer_part_no` varchar(140),
`material_request` varchar(140),
`material_request_item` varchar(140),
`cost_center` varchar(140),
`project` varchar(140),
`job_card` varchar(140),
`purchase_order_item` varchar(140),
`page_break` tinyint NOT NULL DEFAULT 0,
`sc_conversion_factor` decimal(21,9) NOT NULL DEFAULT 0.0,
index `item_code`(`item_code`),
index `expected_delivery_date`(`expected_delivery_date`),
index `material_request`(`material_request`),
index `material_request_item`(`material_request_item`),
index `purchase_order_item`(`purchase_order_item`),
parent varchar(140),
parentfield varchar(140),
parenttype varchar(140),
index parent(parent))
			ENGINE=InnoDB
			ROW_FORMAT=DYNAMIC
			CHARACTER SET=utf8mb4
			COLLATE=utf8mb4_unicode_ci
2025-02-28 12:23:49,435 WARNING database DDL Query made to DB:
create table `tabSubcontracting Order` (
			name varchar(140) primary key,
			creation datetime(6),
			modified datetime(6),
			modified_by varchar(140),
			owner varchar(140),
			docstatus tinyint not null default '0',
			idx int not null default '0',
			`title` varchar(140) DEFAULT '{supplier_name}',
`naming_series` varchar(140),
`purchase_order` varchar(140),
`supplier` varchar(140),
`supplier_name` varchar(140),
`supplier_warehouse` varchar(140),
`company` varchar(140),
`transaction_date` date,
`schedule_date` date,
`amended_from` varchar(140),
`cost_center` varchar(140),
`project` varchar(140),
`set_warehouse` varchar(140),
`total_qty` decimal(21,9) NOT NULL DEFAULT 0.0,
`total` decimal(21,9) NOT NULL DEFAULT 0.0,
`set_reserve_warehouse` varchar(140),
`supplier_address` varchar(140),
`address_display` longtext,
`contact_person` varchar(140),
`contact_display` text,
`contact_mobile` text,
`contact_email` text,
`shipping_address` varchar(140),
`shipping_address_display` longtext,
`billing_address` varchar(140),
`billing_address_display` longtext,
`distribute_additional_costs_based_on` varchar(140) DEFAULT 'Qty',
`total_additional_costs` decimal(21,9) NOT NULL DEFAULT 0.0,
`status` varchar(140) DEFAULT 'Draft',
`per_received` decimal(21,9) NOT NULL DEFAULT 0.0,
`select_print_heading` varchar(140),
`letter_head` varchar(140),
`_user_tags` text,
`_comments` text,
`_assign` text,
`_liked_by` text,
index `supplier`(`supplier`),
index `transaction_date`(`transaction_date`),
index `status`(`status`),
index creation(creation))
			ENGINE=InnoDB
			ROW_FORMAT=DYNAMIC
			CHARACTER SET=utf8mb4
			COLLATE=utf8mb4_unicode_ci
2025-02-28 12:23:49,650 WARNING database DDL Query made to DB:
create table `tabSubcontracting BOM` (
			name varchar(140) primary key,
			creation datetime(6),
			modified datetime(6),
			modified_by varchar(140),
			owner varchar(140),
			docstatus tinyint not null default '0',
			idx int not null default '0',
			`is_active` tinyint NOT NULL DEFAULT 1,
`finished_good` varchar(140),
`finished_good_qty` decimal(21,9) NOT NULL DEFAULT 1.0,
`finished_good_uom` varchar(140),
`finished_good_bom` varchar(140),
`service_item` varchar(140),
`service_item_qty` decimal(21,9) NOT NULL DEFAULT 1.0,
`service_item_uom` varchar(140),
`conversion_factor` decimal(21,9) NOT NULL DEFAULT 0.0,
`_user_tags` text,
`_comments` text,
`_assign` text,
`_liked_by` text,
index `finished_good`(`finished_good`),
index `finished_good_bom`(`finished_good_bom`),
index `service_item`(`service_item`),
index creation(creation))
			ENGINE=InnoDB
			ROW_FORMAT=DYNAMIC
			CHARACTER SET=utf8mb4
			COLLATE=utf8mb4_unicode_ci
2025-02-28 12:23:49,984 WARNING database DDL Query made to DB:
create table `tabSubcontracting Receipt Item` (
			name varchar(140) primary key,
			creation datetime(6),
			modified datetime(6),
			modified_by varchar(140),
			owner varchar(140),
			docstatus tinyint not null default '0',
			idx int not null default '0',
			`item_code` varchar(140),
`item_name` varchar(140),
`is_scrap_item` tinyint NOT NULL DEFAULT 0,
`description` longtext,
`brand` varchar(140),
`image` text,
`received_qty` decimal(21,9) NOT NULL DEFAULT 0.0,
`qty` decimal(21,9) NOT NULL DEFAULT 0.0,
`rejected_qty` decimal(21,9) NOT NULL DEFAULT 0.0,
`returned_qty` decimal(21,9) NOT NULL DEFAULT 0.0,
`stock_uom` varchar(140),
`conversion_factor` decimal(21,9) NOT NULL DEFAULT 1.0,
`rate` decimal(21,9) NOT NULL DEFAULT 0.0,
`amount` decimal(21,9) NOT NULL DEFAULT 0.0,
`rm_cost_per_qty` decimal(21,9) NOT NULL DEFAULT 0.0,
`service_cost_per_qty` decimal(21,9) NOT NULL DEFAULT 0.0,
`additional_cost_per_qty` decimal(21,9) NOT NULL DEFAULT 0.0,
`scrap_cost_per_qty` decimal(21,9) NOT NULL DEFAULT 0.0,
`rm_supp_cost` decimal(21,9) NOT NULL DEFAULT 0.0,
`warehouse` varchar(140),
`subcontracting_order` varchar(140),
`subcontracting_order_item` varchar(140),
`subcontracting_receipt_item` varchar(140),
`job_card` varchar(140),
`rejected_warehouse` varchar(140),
`bom` varchar(140),
`include_exploded_items` tinyint NOT NULL DEFAULT 0,
`quality_inspection` varchar(140),
`schedule_date` date,
`reference_name` varchar(140),
`serial_and_batch_bundle` varchar(140),
`use_serial_batch_fields` tinyint NOT NULL DEFAULT 0,
`rejected_serial_and_batch_bundle` varchar(140),
`serial_no` text,
`rejected_serial_no` text,
`batch_no` varchar(140),
`manufacturer` varchar(140),
`manufacturer_part_no` varchar(140),
`expense_account` varchar(140),
`cost_center` varchar(140),
`project` varchar(140),
`page_break` tinyint NOT NULL DEFAULT 0,
`purchase_order` varchar(140),
`purchase_order_item` varchar(140),
index `item_code`(`item_code`),
index `subcontracting_order`(`subcontracting_order`),
index `subcontracting_order_item`(`subcontracting_order_item`),
index `job_card`(`job_card`),
index `purchase_order`(`purchase_order`),
index `purchase_order_item`(`purchase_order_item`),
parent varchar(140),
parentfield varchar(140),
parenttype varchar(140),
index parent(parent))
			ENGINE=InnoDB
			ROW_FORMAT=DYNAMIC
			CHARACTER SET=utf8mb4
			COLLATE=utf8mb4_unicode_ci
2025-02-28 12:23:50,139 WARNING database DDL Query made to DB:
create table `tabSubcontracting Order Service Item` (
			name varchar(140) primary key,
			creation datetime(6),
			modified datetime(6),
			modified_by varchar(140),
			owner varchar(140),
			docstatus tinyint not null default '0',
			idx int not null default '0',
			`item_code` varchar(140),
`item_name` varchar(140),
`qty` decimal(21,9) NOT NULL DEFAULT 0.0,
`rate` decimal(21,9) NOT NULL DEFAULT 0.0,
`amount` decimal(21,9) NOT NULL DEFAULT 0.0,
`fg_item` varchar(140),
`fg_item_qty` decimal(21,9) NOT NULL DEFAULT 1.0,
`purchase_order_item` varchar(140),
`material_request` varchar(140),
`material_request_item` varchar(140),
index `item_code`(`item_code`),
index `purchase_order_item`(`purchase_order_item`),
parent varchar(140),
parentfield varchar(140),
parenttype varchar(140),
index parent(parent))
			ENGINE=InnoDB
			ROW_FORMAT=DYNAMIC
			CHARACTER SET=utf8mb4
			COLLATE=utf8mb4_unicode_ci
2025-02-28 12:23:50,298 WARNING database DDL Query made to DB:
create table `tabCode List` (
			name varchar(140) primary key,
			creation datetime(6),
			modified datetime(6),
			modified_by varchar(140),
			owner varchar(140),
			docstatus tinyint not null default '0',
			idx int not null default '0',
			`title` varchar(140),
`canonical_uri` varchar(140),
`url` varchar(140),
`default_common_code` varchar(140),
`version` varchar(140),
`publisher` varchar(140),
`publisher_id` varchar(140),
`description` text,
`_user_tags` text,
`_comments` text,
`_assign` text,
`_liked_by` text,
index creation(creation))
			ENGINE=InnoDB
			ROW_FORMAT=DYNAMIC
			CHARACTER SET=utf8mb4
			COLLATE=utf8mb4_unicode_ci
2025-02-28 12:23:50,462 WARNING database DDL Query made to DB:
create table `tabCommon Code` (
			name varchar(140) primary key,
			creation datetime(6),
			modified datetime(6),
			modified_by varchar(140),
			owner varchar(140),
			docstatus tinyint not null default '0',
			idx int not null default '0',
			`code_list` varchar(140),
`title` varchar(300),
`common_code` varchar(300),
`description` text,
`additional_data` longtext,
`_user_tags` text,
`_comments` text,
`_assign` text,
`_liked_by` text,
index `code_list`(`code_list`),
index `common_code`(`common_code`),
index creation(creation))
			ENGINE=InnoDB
			ROW_FORMAT=DYNAMIC
			CHARACTER SET=utf8mb4
			COLLATE=utf8mb4_unicode_ci
2025-02-28 12:23:50,556 WARNING database DDL Query made to DB:
ALTER TABLE `tabCommon Code`
				ADD INDEX IF NOT EXISTS `code_list_common_code_index`(code_list, common_code)
2025-02-28 12:23:57,112 WARNING database DDL Query made to DB:
ALTER TABLE `tabUTM Campaign` ADD COLUMN `crm_campaign` varchar(140)
2025-02-28 12:23:58,608 WARNING database DDL Query made to DB:
ALTER TABLE `tabAddress` ADD COLUMN `tax_category` varchar(140), ADD COLUMN `is_your_company_address` tinyint NOT NULL DEFAULT 0
2025-02-28 12:23:58,617 WARNING database DDL Query made to DB:
ALTER TABLE `tabAddress` MODIFY `disabled` tinyint NOT NULL DEFAULT 0, MODIFY `is_shipping_address` tinyint NOT NULL DEFAULT 0, MODIFY `is_primary_address` tinyint NOT NULL DEFAULT 0
2025-02-28 12:23:58,767 WARNING database DDL Query made to DB:
ALTER TABLE `tabContact` ADD COLUMN `is_billing_contact` tinyint NOT NULL DEFAULT 0
2025-02-28 12:23:58,778 WARNING database DDL Query made to DB:
ALTER TABLE `tabContact` MODIFY `sync_with_google_contacts` tinyint NOT NULL DEFAULT 0, MODIFY `pulled_from_google_contacts` tinyint NOT NULL DEFAULT 0, MODIFY `is_primary_contact` tinyint NOT NULL DEFAULT 0, MODIFY `unsubscribed` tinyint NOT NULL DEFAULT 0
2025-02-28 12:31:09,010 WARNING database DDL Query made to DB:
alter table `tabDocType` add column if not exists migration_hash varchar(140)
2025-02-28 12:31:13,864 WARNING database DDL Query made to DB:
ALTER TABLE `tabAddress` MODIFY `is_shipping_address` tinyint NOT NULL DEFAULT 0, MODIFY `is_primary_address` tinyint NOT NULL DEFAULT 0, MODIFY `disabled` tinyint NOT NULL DEFAULT 0, MODIFY `is_your_company_address` tinyint NOT NULL DEFAULT 0
2025-02-28 12:31:13,968 WARNING database DDL Query made to DB:
ALTER TABLE `tabContact` MODIFY `pulled_from_google_contacts` tinyint NOT NULL DEFAULT 0, MODIFY `sync_with_google_contacts` tinyint NOT NULL DEFAULT 0, MODIFY `unsubscribed` tinyint NOT NULL DEFAULT 0, MODIFY `is_primary_contact` tinyint NOT NULL DEFAULT 0, MODIFY `is_billing_contact` tinyint NOT NULL DEFAULT 0
2025-02-28 13:05:52,129 WARNING database DDL Query made to DB:
create table `tabuserData` (
			name varchar(140) primary key,
			creation datetime(6),
			modified datetime(6),
			modified_by varchar(140),
			owner varchar(140),
			docstatus tinyint not null default '0',
			idx int not null default '0',
			`_user_tags` text,
`_comments` text,
`_assign` text,
`_liked_by` text,
index creation(creation))
			ENGINE=InnoDB
			ROW_FORMAT=DYNAMIC
			CHARACTER SET=utf8mb4
			COLLATE=utf8mb4_unicode_ci
2025-02-28 13:11:21,042 WARNING database DDL Query made to DB:
ALTER TABLE `tabuserData` ADD COLUMN `unique_id` varchar(140), ADD COLUMN `email` varchar(140), ADD COLUMN `username` varchar(140), ADD COLUMN `age` varchar(140), ADD COLUMN `phone` int NOT NULL DEFAULT 0, ADD COLUMN `password` varchar(140)
2025-02-28 13:15:20,732 WARNING database DDL Query made to DB:
ALTER TABLE `tabuserData` ADD COLUMN `user_id` varchar(140)
2025-02-28 13:15:20,741 WARNING database DDL Query made to DB:
ALTER TABLE `tabuserData` MODIFY `phone` int NOT NULL DEFAULT 0
2025-02-28 13:22:17,750 WARNING database DDL Query made to DB:
ALTER TABLE `tabuserData` MODIFY `phone` int NOT NULL DEFAULT 0
2025-02-28 13:23:53,143 WARNING database DDL Query made to DB:
ALTER TABLE `tabuserData` MODIFY `phone` int NOT NULL DEFAULT 0
2025-02-28 13:28:58,077 WARNING database DDL Query made to DB:
ALTER TABLE `tabuserData` MODIFY `phone` int NOT NULL DEFAULT 0
2025-02-28 13:34:11,780 WARNING database DDL Query made to DB:
create table `tabBusinessProfile` (
			name varchar(140) primary key,
			creation datetime(6),
			modified datetime(6),
			modified_by varchar(140),
			owner varchar(140),
			docstatus tinyint not null default '0',
			idx int not null default '0',
			`_user_tags` text,
`_comments` text,
`_assign` text,
`_liked_by` text,
index creation(creation))
			ENGINE=InnoDB
			ROW_FORMAT=DYNAMIC
			CHARACTER SET=utf8mb4
			COLLATE=utf8mb4_unicode_ci
2025-02-28 13:37:50,586 WARNING database DDL Query made to DB:
ALTER TABLE `tabBusinessProfile` ADD COLUMN `user_id` varchar(140), ADD COLUMN `business_name` varchar(140), ADD COLUMN `owner_name` varchar(140), ADD COLUMN `phone` varchar(140)
2025-02-28 14:39:23,713 WARNING database DDL Query made to DB:
RENAME TABLE `tabBusinessProfile` TO `tabBusinessType`
2025-02-28 14:39:58,080 WARNING database DDL Query made to DB:
ALTER TABLE `tabBusinessType` ADD COLUMN `use` varchar(140), ADD COLUMN `business_type` varchar(140)
2025-02-28 14:42:09,323 WARNING database DDL Query made to DB:
ALTER TABLE `tabBusinessType` ADD COLUMN `user` varchar(140)
2025-02-28 14:50:03,327 WARNING database DDL Query made to DB:
alter table `tabDocType` add column if not exists migration_hash varchar(140)
2025-02-28 14:50:08,032 WARNING database DDL Query made to DB:
ALTER TABLE `tabAddress` MODIFY `is_shipping_address` tinyint NOT NULL DEFAULT 0, MODIFY `is_primary_address` tinyint NOT NULL DEFAULT 0, MODIFY `is_your_company_address` tinyint NOT NULL DEFAULT 0, MODIFY `disabled` tinyint NOT NULL DEFAULT 0
2025-02-28 14:50:08,124 WARNING database DDL Query made to DB:
ALTER TABLE `tabContact` MODIFY `pulled_from_google_contacts` tinyint NOT NULL DEFAULT 0, MODIFY `unsubscribed` tinyint NOT NULL DEFAULT 0, MODIFY `is_primary_contact` tinyint NOT NULL DEFAULT 0, MODIFY `is_billing_contact` tinyint NOT NULL DEFAULT 0, MODIFY `sync_with_google_contacts` tinyint NOT NULL DEFAULT 0
2025-02-28 14:56:01,982 WARNING database DDL Query made to DB:
ALTER TABLE `tabBusinessType` ADD COLUMN `address` text
2025-02-28 15:11:06,131 WARNING database DDL Query made to DB:
create table `tabBusinessProfile` (
			name varchar(140) primary key,
			creation datetime(6),
			modified datetime(6),
			modified_by varchar(140),
			owner varchar(140),
			docstatus tinyint not null default '0',
			idx int not null default '0',
			`_user_tags` text,
`_comments` text,
`_assign` text,
`_liked_by` text,
index creation(creation))
			ENGINE=InnoDB
			ROW_FORMAT=DYNAMIC
			CHARACTER SET=utf8mb4
			COLLATE=utf8mb4_unicode_ci
2025-02-28 15:13:51,129 WARNING database DDL Query made to DB:
ALTER TABLE `tabBusinessProfile` ADD COLUMN `user` varchar(140), ADD COLUMN `business_type` varchar(140), ADD COLUMN `company_name` varchar(140), ADD COLUMN `address` text
2025-02-28 15:20:43,374 WARNING database DDL Query made to DB:
ALTER TABLE `tabBusinessProfile` ADD COLUMN `business_name` varchar(140), ADD COLUMN `owner_name` varchar(140), ADD COLUMN `phone` varchar(140)
2025-02-28 15:40:24,422 WARNING database DDL Query made to DB:
create table `tabTravel Fees` (
			name varchar(140) primary key,
			creation datetime(6),
			modified datetime(6),
			modified_by varchar(140),
			owner varchar(140),
			docstatus tinyint not null default '0',
			idx int not null default '0',
			`_user_tags` text,
`_comments` text,
`_assign` text,
`_liked_by` text,
index creation(creation))
			ENGINE=InnoDB
			ROW_FORMAT=DYNAMIC
			CHARACTER SET=utf8mb4
			COLLATE=utf8mb4_unicode_ci
2025-02-28 15:42:23,532 WARNING database DDL Query made to DB:
ALTER TABLE `tabTravel Fees` ADD COLUMN `user` varchar(140), ADD COLUMN `fee_type` varchar(140), ADD COLUMN `fee` decimal(21,9) NOT NULL DEFAULT 0.0, ADD COLUMN `max_distance` decimal(21,9) NOT NULL DEFAULT 0.0
2025-02-28 15:47:21,937 WARNING database DDL Query made to DB:
create table `tabSingle Service` (
			name varchar(140) primary key,
			creation datetime(6),
			modified datetime(6),
			modified_by varchar(140),
			owner varchar(140),
			docstatus tinyint not null default '0',
			idx int not null default '0',
			`_user_tags` text,
`_comments` text,
`_assign` text,
`_liked_by` text,
index creation(creation))
			ENGINE=InnoDB
			ROW_FORMAT=DYNAMIC
			CHARACTER SET=utf8mb4
			COLLATE=utf8mb4_unicode_ci
2025-02-28 15:50:25,245 WARNING database DDL Query made to DB:
ALTER TABLE `tabSingle Service` ADD COLUMN `user` varchar(140), ADD COLUMN `service_name` varchar(140), ADD COLUMN `price` decimal(21,9) NOT NULL DEFAULT 0.0, ADD COLUMN `duration` int NOT NULL DEFAULT 0
2025-02-28 15:54:40,704 WARNING database DDL Query made to DB:
create table `tabBundle Services` (
			name varchar(140) primary key,
			creation datetime(6),
			modified datetime(6),
			modified_by varchar(140),
			owner varchar(140),
			docstatus tinyint not null default '0',
			idx int not null default '0',
			`_user_tags` text,
`_comments` text,
`_assign` text,
`_liked_by` text,
index creation(creation))
			ENGINE=InnoDB
			ROW_FORMAT=DYNAMIC
			CHARACTER SET=utf8mb4
			COLLATE=utf8mb4_unicode_ci
2025-02-28 16:05:47,035 WARNING database DDL Query made to DB:
create table `tabService Item` (
			name varchar(140) primary key,
			creation datetime(6),
			modified datetime(6),
			modified_by varchar(140),
			owner varchar(140),
			docstatus tinyint not null default '0',
			idx int not null default '0',
			`_user_tags` text,
`_comments` text,
`_assign` text,
`_liked_by` text,
index creation(creation))
			ENGINE=InnoDB
			ROW_FORMAT=DYNAMIC
			CHARACTER SET=utf8mb4
			COLLATE=utf8mb4_unicode_ci
2025-02-28 16:06:40,090 WARNING database DDL Query made to DB:
ALTER TABLE `tabService Item` ADD COLUMN `service_name` varchar(140), ADD COLUMN `price` decimal(21,9) NOT NULL DEFAULT 0.0
2025-02-28 16:10:15,591 WARNING database DDL Query made to DB:
alter table `tabService Item` add column if not exists parent varchar(140)
2025-02-28 16:10:15,608 WARNING database DDL Query made to DB:
alter table `tabService Item` add column if not exists parenttype varchar(140)
2025-02-28 16:10:15,629 WARNING database DDL Query made to DB:
alter table `tabService Item` add column if not exists parentfield varchar(140)
2025-02-28 16:10:15,850 WARNING database DDL Query made to DB:
ALTER TABLE `tabService Item` MODIFY `price` decimal(21,9) NOT NULL DEFAULT 0.0
2025-02-28 16:13:55,976 WARNING database DDL Query made to DB:
ALTER TABLE `tabBundle Services` ADD COLUMN `services_name` varchar(140), ADD COLUMN `bundle` tinyint NOT NULL DEFAULT 0, ADD COLUMN `user` varchar(140)
2025-02-28 16:18:28,562 WARNING database DDL Query made to DB:
ALTER TABLE `tabBundle Services` ADD COLUMN `service_name` varchar(140)
2025-02-28 16:18:28,571 WARNING database DDL Query made to DB:
ALTER TABLE `tabBundle Services` MODIFY `bundle` tinyint NOT NULL DEFAULT 0
2025-03-03 17:37:35,781 WARNING database DDL Query made to DB:
create table `tabuserAddress` (
			name varchar(140) primary key,
			creation datetime(6),
			modified datetime(6),
			modified_by varchar(140),
			owner varchar(140),
			docstatus tinyint not null default '0',
			idx int not null default '0',
			`_user_tags` text,
`_comments` text,
`_assign` text,
`_liked_by` text,
index creation(creation))
			ENGINE=InnoDB
			ROW_FORMAT=DYNAMIC
			CHARACTER SET=utf8mb4
			COLLATE=utf8mb4_unicode_ci
2025-03-03 18:01:18,163 WARNING database DDL Query made to DB:
ALTER TABLE `tabuserAddress` ADD COLUMN `user` varchar(140), ADD COLUMN `address_line_1` varchar(140), ADD COLUMN `address_line_2` varchar(140), ADD COLUMN `city` varchar(140), ADD COLUMN `zip_code` varchar(140), ADD COLUMN `state` varchar(140), ADD COLUMN `is_shared_location` tinyint NOT NULL DEFAULT 0, ADD COLUMN `booth_no` varchar(140)
2025-03-03 19:00:07,246 WARNING database DDL Query made to DB:
create table `tababoutUser` (
			name varchar(140) primary key,
			creation datetime(6),
			modified datetime(6),
			modified_by varchar(140),
			owner varchar(140),
			docstatus tinyint not null default '0',
			idx int not null default '0',
			`_user_tags` text,
`_comments` text,
`_assign` text,
`_liked_by` text,
index creation(creation))
			ENGINE=InnoDB
			ROW_FORMAT=DYNAMIC
			CHARACTER SET=utf8mb4
			COLLATE=utf8mb4_unicode_ci
2025-03-03 19:05:27,958 WARNING database DDL Query made to DB:
ALTER TABLE `tabBusinessProfile` ADD COLUMN `at_my_place` tinyint NOT NULL DEFAULT 0, ADD COLUMN `at_client_location` tinyint NOT NULL DEFAULT 0
2025-03-03 21:14:13,689 WARNING database DDL Query made to DB:
create table `tabuserServices` (
			name varchar(140) primary key,
			creation datetime(6),
			modified datetime(6),
			modified_by varchar(140),
			owner varchar(140),
			docstatus tinyint not null default '0',
			idx int not null default '0',
			`_user_tags` text,
`_comments` text,
`_assign` text,
`_liked_by` text,
index creation(creation))
			ENGINE=InnoDB
			ROW_FORMAT=DYNAMIC
			CHARACTER SET=utf8mb4
			COLLATE=utf8mb4_unicode_ci
2025-03-07 00:20:31,270 WARNING database DDL Query made to DB:
ALTER TABLE `tabTravel Fees` ADD COLUMN `payment_method` varchar(140)
2025-03-07 00:20:31,280 WARNING database DDL Query made to DB:
ALTER TABLE `tabTravel Fees` MODIFY `max_distance` decimal(21,9) NOT NULL DEFAULT 0.0
2025-03-07 17:02:01,614 WARNING database DDL Query made to DB:
ALTER TABLE `tabTravel Fees` MODIFY `max_distance` decimal(21,9) NOT NULL DEFAULT 0.0
2025-03-07 17:15:45,924 WARNING database DDL Query made to DB:
ALTER TABLE `tabTravel Fees` MODIFY `max_distance` decimal(21,9) NOT NULL DEFAULT 0.0
2025-03-08 00:26:39,891 WARNING database DDL Query made to DB:
ALTER TABLE `tabSingle Service` ADD COLUMN `bundle` tinyint NOT NULL DEFAULT 0
2025-03-08 00:26:39,902 WARNING database DDL Query made to DB:
ALTER TABLE `tabSingle Service` MODIFY `price` decimal(21,9) NOT NULL DEFAULT 0.0, MODIFY `duration` int NOT NULL DEFAULT 0
2025-03-08 00:28:57,319 WARNING database DDL Query made to DB:
ALTER TABLE `tabBundle Services` ADD COLUMN `duration` int NOT NULL DEFAULT 0
2025-03-08 00:28:57,330 WARNING database DDL Query made to DB:
ALTER TABLE `tabBundle Services` MODIFY `bundle` tinyint NOT NULL DEFAULT 0
2025-03-08 13:19:13,064 WARNING database DDL Query made to DB:
create table `tabuserService` (
			name varchar(140) primary key,
			creation datetime(6),
			modified datetime(6),
			modified_by varchar(140),
			owner varchar(140),
			docstatus tinyint not null default '0',
			idx int not null default '0',
			`_user_tags` text,
`_comments` text,
`_assign` text,
`_liked_by` text,
index creation(creation))
			ENGINE=InnoDB
			ROW_FORMAT=DYNAMIC
			CHARACTER SET=utf8mb4
			COLLATE=utf8mb4_unicode_ci
2025-03-08 13:20:59,280 WARNING database DDL Query made to DB:
create table `tabuseerService` (
			name varchar(140) primary key,
			creation datetime(6),
			modified datetime(6),
			modified_by varchar(140),
			owner varchar(140),
			docstatus tinyint not null default '0',
			idx int not null default '0',
			`_user_tags` text,
`_comments` text,
`_assign` text,
`_liked_by` text,
index creation(creation))
			ENGINE=InnoDB
			ROW_FORMAT=DYNAMIC
			CHARACTER SET=utf8mb4
			COLLATE=utf8mb4_unicode_ci
2025-03-08 13:28:27,824 WARNING database DDL Query made to DB:
ALTER TABLE `tabuserServices` ADD COLUMN `user` varchar(140), ADD COLUMN `service_name` varchar(140), ADD COLUMN `bundle` tinyint NOT NULL DEFAULT 0, ADD COLUMN `price` decimal(21,9) NOT NULL DEFAULT 0.0, ADD COLUMN `duration` int NOT NULL DEFAULT 0
2025-03-08 13:29:54,674 WARNING database DDL Query made to DB:
alter table `tabService Item` add column if not exists parent varchar(140)
2025-03-08 13:29:54,675 WARNING database DDL Query made to DB:
alter table `tabService Item` add column if not exists parenttype varchar(140)
2025-03-08 13:29:54,676 WARNING database DDL Query made to DB:
alter table `tabService Item` add column if not exists parentfield varchar(140)
2025-03-08 13:29:54,819 WARNING database DDL Query made to DB:
ALTER TABLE `tabService Item` ADD COLUMN `duration` int NOT NULL DEFAULT 0
2025-03-08 13:29:54,827 WARNING database DDL Query made to DB:
ALTER TABLE `tabService Item` MODIFY `price` decimal(21,9) NOT NULL DEFAULT 0.0
2025-03-08 13:36:10,346 WARNING database DDL Query made to DB:
ALTER TABLE `tabuserServices` MODIFY `bundle` tinyint NOT NULL DEFAULT 0, MODIFY `price` decimal(21,9) NOT NULL DEFAULT 0.0, MODIFY `duration` int NOT NULL DEFAULT 0
2025-03-08 14:26:29,154 WARNING database DDL Query made to DB:
create table `tabUser Business Type` (
			name varchar(140) primary key,
			creation datetime(6),
			modified datetime(6),
			modified_by varchar(140),
			owner varchar(140),
			docstatus tinyint not null default '0',
			idx int not null default '0',
			`_user_tags` text,
`_comments` text,
`_assign` text,
`_liked_by` text,
index creation(creation))
			ENGINE=InnoDB
			ROW_FORMAT=DYNAMIC
			CHARACTER SET=utf8mb4
			COLLATE=utf8mb4_unicode_ci
2025-03-08 15:02:31,094 WARNING database DDL Query made to DB:
ALTER TABLE `tabloginUser` ADD COLUMN `user` varchar(140), ADD COLUMN `business_type` varchar(140), ADD COLUMN `created_on` datetime(6)
2025-03-14 16:27:33,656 WARNING database DDL Query made to DB:
ALTER TABLE `tabuserServices` ADD COLUMN `artist` varchar(140)
2025-03-14 16:27:33,666 WARNING database DDL Query made to DB:
ALTER TABLE `tabuserServices` MODIFY `bundle` tinyint NOT NULL DEFAULT 0, MODIFY `price` decimal(21,9) NOT NULL DEFAULT 0.0, MODIFY `duration` int NOT NULL DEFAULT 0
2025-03-18 15:58:26,449 WARNING database DDL Query made to DB:
create table `tabBooking Event` (
			name varchar(140) primary key,
			creation datetime(6),
			modified datetime(6),
			modified_by varchar(140),
			owner varchar(140),
			docstatus tinyint not null default '0',
			idx int not null default '0',
			`_user_tags` text,
`_comments` text,
`_assign` text,
`_liked_by` text,
index creation(creation))
			ENGINE=InnoDB
			ROW_FORMAT=DYNAMIC
			CHARACTER SET=utf8mb4
			COLLATE=utf8mb4_unicode_ci
2025-03-18 16:03:14,345 WARNING database DDL Query made to DB:
create table `tabService List` (
			name varchar(140) primary key,
			creation datetime(6),
			modified datetime(6),
			modified_by varchar(140),
			owner varchar(140),
			docstatus tinyint not null default '0',
			idx int not null default '0',
			parent varchar(140),
parentfield varchar(140),
parenttype varchar(140),
index parent(parent))
			ENGINE=InnoDB
			ROW_FORMAT=DYNAMIC
			CHARACTER SET=utf8mb4
			COLLATE=utf8mb4_unicode_ci
2025-03-18 16:04:11,638 WARNING database DDL Query made to DB:
alter table `tabService List` add column if not exists parent varchar(140)
2025-03-18 16:04:11,639 WARNING database DDL Query made to DB:
alter table `tabService List` add column if not exists parenttype varchar(140)
2025-03-18 16:04:11,640 WARNING database DDL Query made to DB:
alter table `tabService List` add column if not exists parentfield varchar(140)
2025-03-18 16:04:13,990 WARNING database DDL Query made to DB:
alter table `tabService List` add column if not exists parent varchar(140)
2025-03-18 16:04:13,991 WARNING database DDL Query made to DB:
alter table `tabService List` add column if not exists parenttype varchar(140)
2025-03-18 16:04:13,992 WARNING database DDL Query made to DB:
alter table `tabService List` add column if not exists parentfield varchar(140)
2025-03-18 16:04:16,544 WARNING database DDL Query made to DB:
alter table `tabService List` add column if not exists parent varchar(140)
2025-03-18 16:04:16,545 WARNING database DDL Query made to DB:
alter table `tabService List` add column if not exists parenttype varchar(140)
2025-03-18 16:04:16,546 WARNING database DDL Query made to DB:
alter table `tabService List` add column if not exists parentfield varchar(140)
2025-03-18 16:04:22,980 WARNING database DDL Query made to DB:
alter table `tabService List` add column if not exists parent varchar(140)
2025-03-18 16:04:22,981 WARNING database DDL Query made to DB:
alter table `tabService List` add column if not exists parenttype varchar(140)
2025-03-18 16:04:22,982 WARNING database DDL Query made to DB:
alter table `tabService List` add column if not exists parentfield varchar(140)
2025-03-18 16:04:55,378 WARNING database DDL Query made to DB:
alter table `tabService List` add column if not exists parent varchar(140)
2025-03-18 16:04:55,379 WARNING database DDL Query made to DB:
alter table `tabService List` add column if not exists parenttype varchar(140)
2025-03-18 16:04:55,380 WARNING database DDL Query made to DB:
alter table `tabService List` add column if not exists parentfield varchar(140)
2025-03-18 16:04:58,787 WARNING database DDL Query made to DB:
alter table `tabService List` add column if not exists parent varchar(140)
2025-03-18 16:04:58,788 WARNING database DDL Query made to DB:
alter table `tabService List` add column if not exists parenttype varchar(140)
2025-03-18 16:04:58,789 WARNING database DDL Query made to DB:
alter table `tabService List` add column if not exists parentfield varchar(140)
2025-03-18 16:05:17,422 WARNING database DDL Query made to DB:
alter table `tabService List` add column if not exists parent varchar(140)
2025-03-18 16:05:17,423 WARNING database DDL Query made to DB:
alter table `tabService List` add column if not exists parenttype varchar(140)
2025-03-18 16:05:17,424 WARNING database DDL Query made to DB:
alter table `tabService List` add column if not exists parentfield varchar(140)
2025-03-18 16:05:22,957 WARNING database DDL Query made to DB:
alter table `tabService List` add column if not exists parent varchar(140)
2025-03-18 16:05:22,958 WARNING database DDL Query made to DB:
alter table `tabService List` add column if not exists parenttype varchar(140)
2025-03-18 16:05:22,959 WARNING database DDL Query made to DB:
alter table `tabService List` add column if not exists parentfield varchar(140)
2025-03-18 16:07:14,639 WARNING database DDL Query made to DB:
alter table `tabService List` add column if not exists parent varchar(140)
2025-03-18 16:07:14,640 WARNING database DDL Query made to DB:
alter table `tabService List` add column if not exists parenttype varchar(140)
2025-03-18 16:07:14,641 WARNING database DDL Query made to DB:
alter table `tabService List` add column if not exists parentfield varchar(140)
2025-03-18 16:07:19,970 WARNING database DDL Query made to DB:
alter table `tabService List` add column if not exists parent varchar(140)
2025-03-18 16:07:19,971 WARNING database DDL Query made to DB:
alter table `tabService List` add column if not exists parenttype varchar(140)
2025-03-18 16:07:19,971 WARNING database DDL Query made to DB:
alter table `tabService List` add column if not exists parentfield varchar(140)
2025-03-18 16:07:25,509 WARNING database DDL Query made to DB:
alter table `tabService List` add column if not exists parent varchar(140)
2025-03-18 16:07:25,510 WARNING database DDL Query made to DB:
alter table `tabService List` add column if not exists parenttype varchar(140)
2025-03-18 16:07:25,511 WARNING database DDL Query made to DB:
alter table `tabService List` add column if not exists parentfield varchar(140)
2025-03-18 16:07:52,077 WARNING database DDL Query made to DB:
alter table `tabService List` add column if not exists parent varchar(140)
2025-03-18 16:07:52,080 WARNING database DDL Query made to DB:
alter table `tabService List` add column if not exists parenttype varchar(140)
2025-03-18 16:07:52,082 WARNING database DDL Query made to DB:
alter table `tabService List` add column if not exists parentfield varchar(140)
2025-03-18 16:08:20,219 WARNING database DDL Query made to DB:
alter table `tabService List` add column if not exists parent varchar(140)
2025-03-18 16:08:20,220 WARNING database DDL Query made to DB:
alter table `tabService List` add column if not exists parenttype varchar(140)
2025-03-18 16:08:20,221 WARNING database DDL Query made to DB:
alter table `tabService List` add column if not exists parentfield varchar(140)
2025-03-18 16:10:30,264 WARNING database DDL Query made to DB:
create table `tabBooking Events` (
			name varchar(140) primary key,
			creation datetime(6),
			modified datetime(6),
			modified_by varchar(140),
			owner varchar(140),
			docstatus tinyint not null default '0',
			idx int not null default '0',
			`_user_tags` text,
`_comments` text,
`_assign` text,
`_liked_by` text,
index creation(creation))
			ENGINE=InnoDB
			ROW_FORMAT=DYNAMIC
			CHARACTER SET=utf8mb4
			COLLATE=utf8mb4_unicode_ci
2025-03-18 16:12:36,065 WARNING database DDL Query made to DB:
ALTER TABLE `tabBooking Events` ADD COLUMN `user` varchar(140), ADD COLUMN `customer_name` varchar(140), ADD COLUMN `email` varchar(140), ADD COLUMN `phone_no` varchar(140), ADD COLUMN `date` date, ADD COLUMN `time` time(6), ADD COLUMN `services` varchar(140)
2025-03-18 16:13:26,018 WARNING database DDL Query made to DB:
create table `tabService Lists` (
			name varchar(140) primary key,
			creation datetime(6),
			modified datetime(6),
			modified_by varchar(140),
			owner varchar(140),
			docstatus tinyint not null default '0',
			idx int not null default '0',
			parent varchar(140),
parentfield varchar(140),
parenttype varchar(140),
index parent(parent))
			ENGINE=InnoDB
			ROW_FORMAT=DYNAMIC
			CHARACTER SET=utf8mb4
			COLLATE=utf8mb4_unicode_ci
2025-03-18 16:13:26,018 WARNING database DDL Query made to DB:
create table `tabService Lists` (
			name varchar(140) primary key,
			creation datetime(6),
			modified datetime(6),
			modified_by varchar(140),
			owner varchar(140),
			docstatus tinyint not null default '0',
			idx int not null default '0',
			parent varchar(140),
parentfield varchar(140),
parenttype varchar(140),
index parent(parent))
			ENGINE=InnoDB
			ROW_FORMAT=DYNAMIC
			CHARACTER SET=utf8mb4
			COLLATE=utf8mb4_unicode_ci
2025-03-18 16:14:12,711 WARNING database DDL Query made to DB:
alter table `tabService Lists` add column if not exists parent varchar(140)
2025-03-18 16:14:12,711 WARNING database DDL Query made to DB:
alter table `tabService Lists` add column if not exists parent varchar(140)
2025-03-18 16:14:12,712 WARNING database DDL Query made to DB:
alter table `tabService Lists` add column if not exists parenttype varchar(140)
2025-03-18 16:14:12,712 WARNING database DDL Query made to DB:
alter table `tabService Lists` add column if not exists parenttype varchar(140)
2025-03-18 16:14:12,713 WARNING database DDL Query made to DB:
alter table `tabService Lists` add column if not exists parentfield varchar(140)
2025-03-18 16:14:12,713 WARNING database DDL Query made to DB:
alter table `tabService Lists` add column if not exists parentfield varchar(140)
2025-03-18 16:14:12,856 WARNING database DDL Query made to DB:
ALTER TABLE `tabService Lists` ADD COLUMN `service_name` varchar(140), ADD COLUMN `price` decimal(21,9) NOT NULL DEFAULT 0.0
2025-03-18 16:14:12,856 WARNING database DDL Query made to DB:
ALTER TABLE `tabService Lists` ADD COLUMN `service_name` varchar(140), ADD COLUMN `price` decimal(21,9) NOT NULL DEFAULT 0.0
2025-03-18 16:21:48,388 WARNING database DDL Query made to DB:
create table `tabBooking Services` (
			name varchar(140) primary key,
			creation datetime(6),
			modified datetime(6),
			modified_by varchar(140),
			owner varchar(140),
			docstatus tinyint not null default '0',
			idx int not null default '0',
			`_user_tags` text,
`_comments` text,
`_assign` text,
`_liked_by` text,
index creation(creation))
			ENGINE=InnoDB
			ROW_FORMAT=DYNAMIC
			CHARACTER SET=utf8mb4
			COLLATE=utf8mb4_unicode_ci
2025-03-18 20:52:46,573 WARNING database DDL Query made to DB:
alter table `tabDocType` add column if not exists migration_hash varchar(140)
2025-03-18 20:52:51,504 WARNING database DDL Query made to DB:
ALTER TABLE `tabService Lists` MODIFY `price` decimal(21,9) NOT NULL DEFAULT 0.0
2025-03-18 20:52:54,118 WARNING database DDL Query made to DB:
ALTER TABLE `tabAddress` MODIFY `is_shipping_address` tinyint NOT NULL DEFAULT 0, MODIFY `is_primary_address` tinyint NOT NULL DEFAULT 0, MODIFY `disabled` tinyint NOT NULL DEFAULT 0, MODIFY `is_your_company_address` tinyint NOT NULL DEFAULT 0
2025-03-18 20:52:54,213 WARNING database DDL Query made to DB:
ALTER TABLE `tabContact` MODIFY `unsubscribed` tinyint NOT NULL DEFAULT 0, MODIFY `is_billing_contact` tinyint NOT NULL DEFAULT 0, MODIFY `is_primary_contact` tinyint NOT NULL DEFAULT 0, MODIFY `pulled_from_google_contacts` tinyint NOT NULL DEFAULT 0, MODIFY `sync_with_google_contacts` tinyint NOT NULL DEFAULT 0
2025-03-18 20:59:34,120 WARNING database DDL Query made to DB:
alter table `tabDocType` add column if not exists migration_hash varchar(140)
2025-03-18 20:59:42,397 WARNING database DDL Query made to DB:
ALTER TABLE `tabAddress` MODIFY `is_primary_address` tinyint NOT NULL DEFAULT 0, MODIFY `is_shipping_address` tinyint NOT NULL DEFAULT 0, MODIFY `is_your_company_address` tinyint NOT NULL DEFAULT 0, MODIFY `disabled` tinyint NOT NULL DEFAULT 0
2025-03-18 20:59:42,484 WARNING database DDL Query made to DB:
ALTER TABLE `tabContact` MODIFY `is_primary_contact` tinyint NOT NULL DEFAULT 0, MODIFY `sync_with_google_contacts` tinyint NOT NULL DEFAULT 0, MODIFY `pulled_from_google_contacts` tinyint NOT NULL DEFAULT 0, MODIFY `unsubscribed` tinyint NOT NULL DEFAULT 0, MODIFY `is_billing_contact` tinyint NOT NULL DEFAULT 0
2025-03-19 17:24:55,740 WARNING database DDL Query made to DB:
ALTER TABLE `tabBooking Events` MODIFY `date` varchar(140), MODIFY `time` varchar(140)
2025-03-19 17:32:12,765 WARNING database DDL Query made to DB:
alter table `tabDocType` add column if not exists migration_hash varchar(140)
2025-03-19 17:32:18,701 WARNING database DDL Query made to DB:
ALTER TABLE `tabAddress` MODIFY `disabled` tinyint NOT NULL DEFAULT 0, MODIFY `is_your_company_address` tinyint NOT NULL DEFAULT 0, MODIFY `is_primary_address` tinyint NOT NULL DEFAULT 0, MODIFY `is_shipping_address` tinyint NOT NULL DEFAULT 0
2025-03-19 17:32:19,054 WARNING database DDL Query made to DB:
ALTER TABLE `tabContact` MODIFY `sync_with_google_contacts` tinyint NOT NULL DEFAULT 0, MODIFY `pulled_from_google_contacts` tinyint NOT NULL DEFAULT 0, MODIFY `is_billing_contact` tinyint NOT NULL DEFAULT 0, MODIFY `is_primary_contact` tinyint NOT NULL DEFAULT 0, MODIFY `unsubscribed` tinyint NOT NULL DEFAULT 0
2025-03-21 17:54:34,754 WARNING database DDL Query made to DB:
ALTER TABLE `tabBooking Events` ADD COLUMN `duration` varchar(140), ADD COLUMN `total_duration` varchar(140)
2025-03-21 17:56:40,121 WARNING database DDL Query made to DB:
alter table `tabDocType` add column if not exists migration_hash varchar(140)
2025-03-21 17:56:46,586 WARNING database DDL Query made to DB:
ALTER TABLE `tabAddress` MODIFY `disabled` tinyint NOT NULL DEFAULT 0, MODIFY `is_primary_address` tinyint NOT NULL DEFAULT 0, MODIFY `is_your_company_address` tinyint NOT NULL DEFAULT 0, MODIFY `is_shipping_address` tinyint NOT NULL DEFAULT 0
2025-03-21 17:56:46,666 WARNING database DDL Query made to DB:
ALTER TABLE `tabContact` MODIFY `is_billing_contact` tinyint NOT NULL DEFAULT 0, MODIFY `pulled_from_google_contacts` tinyint NOT NULL DEFAULT 0, MODIFY `is_primary_contact` tinyint NOT NULL DEFAULT 0, MODIFY `sync_with_google_contacts` tinyint NOT NULL DEFAULT 0, MODIFY `unsubscribed` tinyint NOT NULL DEFAULT 0
2025-03-28 01:16:56,539 WARNING database DDL Query made to DB:
create table `tabLeads` (
			name varchar(140) primary key,
			creation datetime(6),
			modified datetime(6),
			modified_by varchar(140),
			owner varchar(140),
			docstatus tinyint not null default '0',
			idx int not null default '0',
			`_user_tags` text,
`_comments` text,
`_assign` text,
`_liked_by` text,
index creation(creation))
			ENGINE=InnoDB
			ROW_FORMAT=DYNAMIC
			CHARACTER SET=utf8mb4
			COLLATE=utf8mb4_unicode_ci
2025-03-28 01:25:23,399 WARNING database DDL Query made to DB:
ALTER TABLE `tabLeads` ADD COLUMN `client_name` varchar(140), ADD COLUMN `phone_number` varchar(140), ADD COLUMN `lead_status` varchar(140), ADD COLUMN `booking_date` date, ADD COLUMN `from_time` time(6), ADD COLUMN `to_time` time(6)
2025-03-28 01:35:33,547 WARNING database DDL Query made to DB:
create table `tableadsServiceLists` (
			name varchar(140) primary key,
			creation datetime(6),
			modified datetime(6),
			modified_by varchar(140),
			owner varchar(140),
			docstatus tinyint not null default '0',
			idx int not null default '0',
			parent varchar(140),
parentfield varchar(140),
parenttype varchar(140),
index parent(parent))
			ENGINE=InnoDB
			ROW_FORMAT=DYNAMIC
			CHARACTER SET=utf8mb4
			COLLATE=utf8mb4_unicode_ci
2025-03-28 01:38:44,584 WARNING database DDL Query made to DB:
alter table `tableadsServiceLists` add column if not exists parent varchar(140)
2025-03-28 01:38:44,586 WARNING database DDL Query made to DB:
alter table `tableadsServiceLists` add column if not exists parenttype varchar(140)
2025-03-28 01:38:44,588 WARNING database DDL Query made to DB:
alter table `tableadsServiceLists` add column if not exists parentfield varchar(140)
2025-03-28 01:38:44,783 WARNING database DDL Query made to DB:
ALTER TABLE `tableadsServiceLists` ADD COLUMN `duration` int NOT NULL DEFAULT 0, ADD COLUMN `price` decimal(21,9) NOT NULL DEFAULT 0.0
2025-03-28 01:47:28,848 WARNING database DDL Query made to DB:
alter table `tableadsServiceLists` add column if not exists parent varchar(140)
2025-03-28 01:47:28,849 WARNING database DDL Query made to DB:
alter table `tableadsServiceLists` add column if not exists parenttype varchar(140)
2025-03-28 01:47:28,850 WARNING database DDL Query made to DB:
alter table `tableadsServiceLists` add column if not exists parentfield varchar(140)
2025-03-28 01:47:29,033 WARNING database DDL Query made to DB:
ALTER TABLE `tableadsServiceLists` ADD COLUMN `service_name` varchar(140)
2025-03-28 01:47:29,042 WARNING database DDL Query made to DB:
ALTER TABLE `tableadsServiceLists` MODIFY `duration` int NOT NULL DEFAULT 0, MODIFY `price` decimal(21,9) NOT NULL DEFAULT 0.0
2025-03-28 01:50:19,172 WARNING database DDL Query made to DB:
alter table `tableadsServiceLists` add column if not exists parent varchar(140)
2025-03-28 01:50:19,174 WARNING database DDL Query made to DB:
alter table `tableadsServiceLists` add column if not exists parenttype varchar(140)
2025-03-28 01:50:19,175 WARNING database DDL Query made to DB:
alter table `tableadsServiceLists` add column if not exists parentfield varchar(140)
2025-03-28 01:50:19,331 WARNING database DDL Query made to DB:
ALTER TABLE `tableadsServiceLists` MODIFY `price` decimal(21,9) NOT NULL DEFAULT 0.0, MODIFY `duration` int NOT NULL DEFAULT 0
2025-03-28 01:53:39,302 WARNING database DDL Query made to DB:
create table `tabService` (
			name varchar(140) primary key,
			creation datetime(6),
			modified datetime(6),
			modified_by varchar(140),
			owner varchar(140),
			docstatus tinyint not null default '0',
			idx int not null default '0',
			parent varchar(140),
parentfield varchar(140),
parenttype varchar(140),
index parent(parent))
			ENGINE=InnoDB
			ROW_FORMAT=DYNAMIC
			CHARACTER SET=utf8mb4
			COLLATE=utf8mb4_unicode_ci
2025-03-28 01:55:39,424 WARNING database DDL Query made to DB:
ALTER TABLE `tabService` ADD COLUMN `service_name` varchar(140), ADD COLUMN `description` text, ADD COLUMN `price` decimal(21,9) NOT NULL DEFAULT 0.0, ADD COLUMN `duration` int NOT NULL DEFAULT 0, ADD COLUMN `_user_tags` text, ADD COLUMN `_comments` text, ADD COLUMN `_assign` text, ADD COLUMN `_liked_by` text
2025-03-28 01:57:29,115 WARNING database DDL Query made to DB:
alter table `tabService` add column if not exists parent varchar(140)
2025-03-28 01:57:29,115 WARNING database DDL Query made to DB:
alter table `tabService` add column if not exists parent varchar(140)
2025-03-28 01:57:29,116 WARNING database DDL Query made to DB:
alter table `tabService` add column if not exists parenttype varchar(140)
2025-03-28 01:57:29,116 WARNING database DDL Query made to DB:
alter table `tabService` add column if not exists parenttype varchar(140)
2025-03-28 01:57:29,117 WARNING database DDL Query made to DB:
alter table `tabService` add column if not exists parentfield varchar(140)
2025-03-28 01:57:29,117 WARNING database DDL Query made to DB:
alter table `tabService` add column if not exists parentfield varchar(140)
2025-03-28 01:57:29,265 WARNING database DDL Query made to DB:
ALTER TABLE `tabService` MODIFY `price` decimal(21,9) NOT NULL DEFAULT 0.0, MODIFY `duration` int NOT NULL DEFAULT 0
2025-03-28 01:57:29,265 WARNING database DDL Query made to DB:
ALTER TABLE `tabService` MODIFY `price` decimal(21,9) NOT NULL DEFAULT 0.0, MODIFY `duration` int NOT NULL DEFAULT 0
2025-03-28 02:02:29,287 WARNING database DDL Query made to DB:
ALTER TABLE `tabService` MODIFY `price` decimal(21,9) NOT NULL DEFAULT 0.0, MODIFY `duration` int NOT NULL DEFAULT 0
2025-03-28 10:41:33,021 WARNING database DDL Query made to DB:
ALTER TABLE `tabService` ADD COLUMN `linked_user` varchar(140)
2025-03-28 10:41:33,032 WARNING database DDL Query made to DB:
ALTER TABLE `tabService` MODIFY `duration` int NOT NULL DEFAULT 0, MODIFY `price` decimal(21,9) NOT NULL DEFAULT 0.0
2025-03-28 10:43:37,666 WARNING database DDL Query made to DB:
ALTER TABLE `tabService` ADD COLUMN `service_type` varchar(140)
2025-03-28 10:43:37,675 WARNING database DDL Query made to DB:
ALTER TABLE `tabService` MODIFY `price` decimal(21,9) NOT NULL DEFAULT 0.0, MODIFY `duration` int NOT NULL DEFAULT 0
2025-03-28 10:48:30,010 WARNING database DDL Query made to DB:
alter table `tabService` add column if not exists parent varchar(140)
2025-03-28 10:48:30,012 WARNING database DDL Query made to DB:
alter table `tabService` add column if not exists parenttype varchar(140)
2025-03-28 10:48:30,013 WARNING database DDL Query made to DB:
alter table `tabService` add column if not exists parentfield varchar(140)
2025-03-28 10:48:30,185 WARNING database DDL Query made to DB:
ALTER TABLE `tabService` MODIFY `duration` int NOT NULL DEFAULT 0, MODIFY `price` decimal(21,9) NOT NULL DEFAULT 0.0
2025-03-28 10:48:45,606 WARNING database DDL Query made to DB:
ALTER TABLE `tabLeads` ADD COLUMN `user` varchar(140)
2025-03-28 10:48:45,606 WARNING database DDL Query made to DB:
ALTER TABLE `tabLeads` ADD COLUMN `user` varchar(140)
2025-04-07 19:19:58,018 WARNING database DDL Query made to DB:
ALTER TABLE `tabBooking Events` ADD COLUMN `location` varchar(140), ADD COLUMN `notes` varchar(140), ADD COLUMN `address` varchar(140)
